{"/home/rodgers/Desktop/EventManagement/backend/controllers/AnalyticsController.js": {"path":"/home/rodgers/Desktop/EventManagement/backend/controllers/AnalyticsController.js","statementMap":{"0":{"start":{"line":1,"column":25},"end":{"line":1,"column":64}},"1":{"start":{"line":2,"column":22},"end":{"line":2,"column":58}},"2":{"start":{"line":3,"column":24},"end":{"line":3,"column":62}},"3":{"start":{"line":4,"column":21},"end":{"line":4,"column":56}},"4":{"start":{"line":5,"column":11},"end":{"line":5,"column":34}},"5":{"start":{"line":6,"column":19},"end":{"line":6,"column":46}},"6":{"start":{"line":12,"column":26},"end":{"line":27,"column":1}},"7":{"start":{"line":13,"column":2},"end":{"line":26,"column":3}},"8":{"start":{"line":14,"column":24},"end":{"line":14,"column":34}},"9":{"start":{"line":16,"column":19},"end":{"line":16,"column":68}},"10":{"start":{"line":18,"column":4},"end":{"line":21,"column":5}},"11":{"start":{"line":19,"column":6},"end":{"line":19,"column":22}},"12":{"start":{"line":20,"column":6},"end":{"line":20,"column":38}},"13":{"start":{"line":23,"column":4},"end":{"line":23,"column":33}},"14":{"start":{"line":25,"column":4},"end":{"line":25,"column":16}},"15":{"start":{"line":33,"column":30},"end":{"line":48,"column":1}},"16":{"start":{"line":34,"column":2},"end":{"line":47,"column":3}},"17":{"start":{"line":35,"column":28},"end":{"line":35,"column":38}},"18":{"start":{"line":38,"column":4},"end":{"line":41,"column":5}},"19":{"start":{"line":39,"column":6},"end":{"line":39,"column":22}},"20":{"start":{"line":40,"column":6},"end":{"line":40,"column":38}},"21":{"start":{"line":43,"column":19},"end":{"line":43,"column":76}},"22":{"start":{"line":44,"column":4},"end":{"line":44,"column":33}},"23":{"start":{"line":46,"column":4},"end":{"line":46,"column":16}},"24":{"start":{"line":54,"column":29},"end":{"line":67,"column":1}},"25":{"start":{"line":55,"column":2},"end":{"line":66,"column":3}},"26":{"start":{"line":57,"column":4},"end":{"line":60,"column":5}},"27":{"start":{"line":58,"column":6},"end":{"line":58,"column":22}},"28":{"start":{"line":59,"column":6},"end":{"line":59,"column":59}},"29":{"start":{"line":62,"column":19},"end":{"line":62,"column":64}},"30":{"start":{"line":63,"column":4},"end":{"line":63,"column":33}},"31":{"start":{"line":65,"column":4},"end":{"line":65,"column":16}},"32":{"start":{"line":73,"column":23},"end":{"line":122,"column":1}},"33":{"start":{"line":74,"column":2},"end":{"line":121,"column":3}},"34":{"start":{"line":75,"column":31},"end":{"line":75,"column":41}},"35":{"start":{"line":78,"column":28},"end":{"line":86,"column":5}},"36":{"start":{"line":88,"column":4},"end":{"line":91,"column":5}},"37":{"start":{"line":89,"column":6},"end":{"line":89,"column":22}},"38":{"start":{"line":90,"column":6},"end":{"line":90,"column":48}},"39":{"start":{"line":93,"column":25},"end":{"line":93,"column":41}},"40":{"start":{"line":96,"column":4},"end":{"line":99,"column":5}},"41":{"start":{"line":97,"column":6},"end":{"line":97,"column":22}},"42":{"start":{"line":98,"column":6},"end":{"line":98,"column":38}},"43":{"start":{"line":102,"column":25},"end":{"line":106,"column":5}},"44":{"start":{"line":108,"column":4},"end":{"line":111,"column":5}},"45":{"start":{"line":109,"column":6},"end":{"line":109,"column":22}},"46":{"start":{"line":110,"column":6},"end":{"line":110,"column":42}},"47":{"start":{"line":113,"column":4},"end":{"line":118,"column":7}},"48":{"start":{"line":120,"column":4},"end":{"line":120,"column":16}},"49":{"start":{"line":128,"column":23},"end":{"line":175,"column":1}},"50":{"start":{"line":129,"column":2},"end":{"line":174,"column":3}},"51":{"start":{"line":130,"column":31},"end":{"line":130,"column":41}},"52":{"start":{"line":133,"column":28},"end":{"line":141,"column":5}},"53":{"start":{"line":143,"column":4},"end":{"line":146,"column":5}},"54":{"start":{"line":144,"column":6},"end":{"line":144,"column":22}},"55":{"start":{"line":145,"column":6},"end":{"line":145,"column":48}},"56":{"start":{"line":148,"column":25},"end":{"line":148,"column":41}},"57":{"start":{"line":151,"column":25},"end":{"line":155,"column":5}},"58":{"start":{"line":157,"column":4},"end":{"line":160,"column":5}},"59":{"start":{"line":158,"column":6},"end":{"line":158,"column":22}},"60":{"start":{"line":159,"column":6},"end":{"line":159,"column":42}},"61":{"start":{"line":163,"column":23},"end":{"line":167,"column":5}},"62":{"start":{"line":169,"column":4},"end":{"line":169,"column":47}},"63":{"start":{"line":170,"column":4},"end":{"line":170,"column":97}},"64":{"start":{"line":171,"column":4},"end":{"line":171,"column":25}},"65":{"start":{"line":173,"column":4},"end":{"line":173,"column":16}},"66":{"start":{"line":181,"column":22},"end":{"line":197,"column":1}},"67":{"start":{"line":182,"column":2},"end":{"line":196,"column":3}},"68":{"start":{"line":183,"column":24},"end":{"line":183,"column":34}},"69":{"start":{"line":184,"column":19},"end":{"line":184,"column":30}},"70":{"start":{"line":186,"column":19},"end":{"line":186,"column":71}},"71":{"start":{"line":188,"column":4},"end":{"line":191,"column":5}},"72":{"start":{"line":189,"column":6},"end":{"line":189,"column":22}},"73":{"start":{"line":190,"column":6},"end":{"line":190,"column":38}},"74":{"start":{"line":193,"column":4},"end":{"line":193,"column":33}},"75":{"start":{"line":195,"column":4},"end":{"line":195,"column":16}},"76":{"start":{"line":203,"column":20},"end":{"line":231,"column":1}},"77":{"start":{"line":204,"column":2},"end":{"line":230,"column":3}},"78":{"start":{"line":205,"column":24},"end":{"line":205,"column":34}},"79":{"start":{"line":208,"column":21},"end":{"line":208,"column":89}},"80":{"start":{"line":210,"column":4},"end":{"line":213,"column":5}},"81":{"start":{"line":211,"column":6},"end":{"line":211,"column":22}},"82":{"start":{"line":212,"column":6},"end":{"line":212,"column":41}},"83":{"start":{"line":215,"column":4},"end":{"line":218,"column":5}},"84":{"start":{"line":216,"column":6},"end":{"line":216,"column":22}},"85":{"start":{"line":217,"column":6},"end":{"line":217,"column":38}},"86":{"start":{"line":220,"column":21},"end":{"line":220,"column":63}},"87":{"start":{"line":221,"column":18},"end":{"line":221,"column":65}},"88":{"start":{"line":223,"column":4},"end":{"line":227,"column":7}},"89":{"start":{"line":229,"column":4},"end":{"line":229,"column":16}},"90":{"start":{"line":237,"column":28},"end":{"line":252,"column":1}},"91":{"start":{"line":238,"column":2},"end":{"line":251,"column":3}},"92":{"start":{"line":239,"column":31},"end":{"line":239,"column":41}},"93":{"start":{"line":241,"column":19},"end":{"line":241,"column":76}},"94":{"start":{"line":243,"column":4},"end":{"line":246,"column":5}},"95":{"start":{"line":244,"column":6},"end":{"line":244,"column":22}},"96":{"start":{"line":245,"column":6},"end":{"line":245,"column":38}},"97":{"start":{"line":248,"column":4},"end":{"line":248,"column":33}},"98":{"start":{"line":250,"column":4},"end":{"line":250,"column":16}},"99":{"start":{"line":258,"column":27},"end":{"line":309,"column":1}},"100":{"start":{"line":259,"column":2},"end":{"line":308,"column":3}},"101":{"start":{"line":260,"column":24},"end":{"line":260,"column":34}},"102":{"start":{"line":263,"column":21},"end":{"line":263,"column":83}},"103":{"start":{"line":265,"column":4},"end":{"line":268,"column":5}},"104":{"start":{"line":266,"column":6},"end":{"line":266,"column":22}},"105":{"start":{"line":267,"column":6},"end":{"line":267,"column":41}},"106":{"start":{"line":270,"column":4},"end":{"line":273,"column":5}},"107":{"start":{"line":271,"column":6},"end":{"line":271,"column":22}},"108":{"start":{"line":272,"column":6},"end":{"line":272,"column":38}},"109":{"start":{"line":276,"column":28},"end":{"line":282,"column":5}},"110":{"start":{"line":284,"column":20},"end":{"line":284,"column":21}},"111":{"start":{"line":285,"column":22},"end":{"line":285,"column":23}},"112":{"start":{"line":287,"column":4},"end":{"line":298,"column":5}},"113":{"start":{"line":288,"column":21},"end":{"line":291,"column":7}},"114":{"start":{"line":293,"column":6},"end":{"line":297,"column":7}},"115":{"start":{"line":294,"column":8},"end":{"line":294,"column":20}},"116":{"start":{"line":296,"column":8},"end":{"line":296,"column":22}},"117":{"start":{"line":300,"column":4},"end":{"line":305,"column":7}},"118":{"start":{"line":307,"column":4},"end":{"line":307,"column":16}},"119":{"start":{"line":311,"column":0},"end":{"line":321,"column":2}}},"fnMap":{"0":{"name":"(anonymous_0)","decl":{"start":{"line":12,"column":26},"end":{"line":12,"column":27}},"loc":{"start":{"line":12,"column":52},"end":{"line":27,"column":1}},"line":12},"1":{"name":"(anonymous_1)","decl":{"start":{"line":33,"column":30},"end":{"line":33,"column":31}},"loc":{"start":{"line":33,"column":56},"end":{"line":48,"column":1}},"line":33},"2":{"name":"(anonymous_2)","decl":{"start":{"line":54,"column":29},"end":{"line":54,"column":30}},"loc":{"start":{"line":54,"column":55},"end":{"line":67,"column":1}},"line":54},"3":{"name":"(anonymous_3)","decl":{"start":{"line":73,"column":23},"end":{"line":73,"column":24}},"loc":{"start":{"line":73,"column":49},"end":{"line":122,"column":1}},"line":73},"4":{"name":"(anonymous_4)","decl":{"start":{"line":128,"column":23},"end":{"line":128,"column":24}},"loc":{"start":{"line":128,"column":49},"end":{"line":175,"column":1}},"line":128},"5":{"name":"(anonymous_5)","decl":{"start":{"line":181,"column":22},"end":{"line":181,"column":23}},"loc":{"start":{"line":181,"column":48},"end":{"line":197,"column":1}},"line":181},"6":{"name":"(anonymous_6)","decl":{"start":{"line":203,"column":20},"end":{"line":203,"column":21}},"loc":{"start":{"line":203,"column":46},"end":{"line":231,"column":1}},"line":203},"7":{"name":"(anonymous_7)","decl":{"start":{"line":237,"column":28},"end":{"line":237,"column":29}},"loc":{"start":{"line":237,"column":54},"end":{"line":252,"column":1}},"line":237},"8":{"name":"(anonymous_8)","decl":{"start":{"line":258,"column":27},"end":{"line":258,"column":28}},"loc":{"start":{"line":258,"column":53},"end":{"line":309,"column":1}},"line":258}},"branchMap":{"0":{"loc":{"start":{"line":18,"column":4},"end":{"line":21,"column":5}},"type":"if","locations":[{"start":{"line":18,"column":4},"end":{"line":21,"column":5}},{"start":{},"end":{}}],"line":18},"1":{"loc":{"start":{"line":38,"column":4},"end":{"line":41,"column":5}},"type":"if","locations":[{"start":{"line":38,"column":4},"end":{"line":41,"column":5}},{"start":{},"end":{}}],"line":38},"2":{"loc":{"start":{"line":57,"column":4},"end":{"line":60,"column":5}},"type":"if","locations":[{"start":{"line":57,"column":4},"end":{"line":60,"column":5}},{"start":{},"end":{}}],"line":57},"3":{"loc":{"start":{"line":88,"column":4},"end":{"line":91,"column":5}},"type":"if","locations":[{"start":{"line":88,"column":4},"end":{"line":91,"column":5}},{"start":{},"end":{}}],"line":88},"4":{"loc":{"start":{"line":96,"column":4},"end":{"line":99,"column":5}},"type":"if","locations":[{"start":{"line":96,"column":4},"end":{"line":99,"column":5}},{"start":{},"end":{}}],"line":96},"5":{"loc":{"start":{"line":108,"column":4},"end":{"line":111,"column":5}},"type":"if","locations":[{"start":{"line":108,"column":4},"end":{"line":111,"column":5}},{"start":{},"end":{}}],"line":108},"6":{"loc":{"start":{"line":143,"column":4},"end":{"line":146,"column":5}},"type":"if","locations":[{"start":{"line":143,"column":4},"end":{"line":146,"column":5}},{"start":{},"end":{}}],"line":143},"7":{"loc":{"start":{"line":157,"column":4},"end":{"line":160,"column":5}},"type":"if","locations":[{"start":{"line":157,"column":4},"end":{"line":160,"column":5}},{"start":{},"end":{}}],"line":157},"8":{"loc":{"start":{"line":188,"column":4},"end":{"line":191,"column":5}},"type":"if","locations":[{"start":{"line":188,"column":4},"end":{"line":191,"column":5}},{"start":{},"end":{}}],"line":188},"9":{"loc":{"start":{"line":210,"column":4},"end":{"line":213,"column":5}},"type":"if","locations":[{"start":{"line":210,"column":4},"end":{"line":213,"column":5}},{"start":{},"end":{}}],"line":210},"10":{"loc":{"start":{"line":215,"column":4},"end":{"line":218,"column":5}},"type":"if","locations":[{"start":{"line":215,"column":4},"end":{"line":218,"column":5}},{"start":{},"end":{}}],"line":215},"11":{"loc":{"start":{"line":243,"column":4},"end":{"line":246,"column":5}},"type":"if","locations":[{"start":{"line":243,"column":4},"end":{"line":246,"column":5}},{"start":{},"end":{}}],"line":243},"12":{"loc":{"start":{"line":265,"column":4},"end":{"line":268,"column":5}},"type":"if","locations":[{"start":{"line":265,"column":4},"end":{"line":268,"column":5}},{"start":{},"end":{}}],"line":265},"13":{"loc":{"start":{"line":270,"column":4},"end":{"line":273,"column":5}},"type":"if","locations":[{"start":{"line":270,"column":4},"end":{"line":273,"column":5}},{"start":{},"end":{}}],"line":270},"14":{"loc":{"start":{"line":293,"column":6},"end":{"line":297,"column":7}},"type":"if","locations":[{"start":{"line":293,"column":6},"end":{"line":297,"column":7}},{"start":{"line":295,"column":13},"end":{"line":297,"column":7}}],"line":293}},"s":{"0":0,"1":0,"2":0,"3":0,"4":0,"5":0,"6":0,"7":0,"8":0,"9":0,"10":0,"11":0,"12":0,"13":0,"14":0,"15":0,"16":0,"17":0,"18":0,"19":0,"20":0,"21":0,"22":0,"23":0,"24":0,"25":0,"26":0,"27":0,"28":0,"29":0,"30":0,"31":0,"32":0,"33":0,"34":0,"35":0,"36":0,"37":0,"38":0,"39":0,"40":0,"41":0,"42":0,"43":0,"44":0,"45":0,"46":0,"47":0,"48":0,"49":0,"50":0,"51":0,"52":0,"53":0,"54":0,"55":0,"56":0,"57":0,"58":0,"59":0,"60":0,"61":0,"62":0,"63":0,"64":0,"65":0,"66":0,"67":0,"68":0,"69":0,"70":0,"71":0,"72":0,"73":0,"74":0,"75":0,"76":0,"77":0,"78":0,"79":0,"80":0,"81":0,"82":0,"83":0,"84":0,"85":0,"86":0,"87":0,"88":0,"89":0,"90":0,"91":0,"92":0,"93":0,"94":0,"95":0,"96":0,"97":0,"98":0,"99":0,"100":0,"101":0,"102":0,"103":0,"104":0,"105":0,"106":0,"107":0,"108":0,"109":0,"110":0,"111":0,"112":0,"113":0,"114":0,"115":0,"116":0,"117":0,"118":0,"119":0},"f":{"0":0,"1":0,"2":0,"3":0,"4":0,"5":0,"6":0,"7":0,"8":0},"b":{"0":[0,0],"1":[0,0],"2":[0,0],"3":[0,0],"4":[0,0],"5":[0,0],"6":[0,0],"7":[0,0],"8":[0,0],"9":[0,0],"10":[0,0],"11":[0,0],"12":[0,0],"13":[0,0],"14":[0,0]}}
,"/home/rodgers/Desktop/EventManagement/backend/controllers/EventController.js": {"path":"/home/rodgers/Desktop/EventManagement/backend/controllers/EventController.js","statementMap":{"0":{"start":{"line":1,"column":11},"end":{"line":1,"column":34}},"1":{"start":{"line":2,"column":21},"end":{"line":2,"column":47}},"2":{"start":{"line":3,"column":83},"end":{"line":3,"column":122}},"3":{"start":{"line":4,"column":19},"end":{"line":4,"column":46}},"4":{"start":{"line":7,"column":21},"end":{"line":52,"column":1}},"5":{"start":{"line":8,"column":2},"end":{"line":51,"column":3}},"6":{"start":{"line":10,"column":26},"end":{"line":10,"column":70}},"7":{"start":{"line":12,"column":22},"end":{"line":12,"column":52}},"8":{"start":{"line":13,"column":22},"end":{"line":13,"column":51}},"9":{"start":{"line":14,"column":19},"end":{"line":14,"column":46}},"10":{"start":{"line":17,"column":21},"end":{"line":17,"column":70}},"11":{"start":{"line":20,"column":23},"end":{"line":20,"column":55}},"12":{"start":{"line":21,"column":4},"end":{"line":24,"column":5}},"13":{"start":{"line":22,"column":6},"end":{"line":22,"column":62}},"14":{"start":{"line":23,"column":6},"end":{"line":23,"column":46}},"15":{"start":{"line":27,"column":19},"end":{"line":30,"column":5}},"16":{"start":{"line":32,"column":24},"end":{"line":32,"column":78}},"17":{"start":{"line":34,"column":25},"end":{"line":43,"column":5}},"18":{"start":{"line":46,"column":4},"end":{"line":46,"column":56}},"19":{"start":{"line":48,"column":4},"end":{"line":48,"column":39}},"20":{"start":{"line":50,"column":4},"end":{"line":50,"column":16}},"21":{"start":{"line":55,"column":17},"end":{"line":74,"column":1}},"22":{"start":{"line":56,"column":2},"end":{"line":73,"column":3}},"23":{"start":{"line":57,"column":26},"end":{"line":57,"column":70}},"24":{"start":{"line":58,"column":20},"end":{"line":58,"column":43}},"25":{"start":{"line":60,"column":19},"end":{"line":60,"column":81}},"26":{"start":{"line":62,"column":4},"end":{"line":65,"column":5}},"27":{"start":{"line":63,"column":6},"end":{"line":63,"column":22}},"28":{"start":{"line":64,"column":6},"end":{"line":64,"column":42}},"29":{"start":{"line":67,"column":4},"end":{"line":70,"column":7}},"30":{"start":{"line":72,"column":4},"end":{"line":72,"column":16}},"31":{"start":{"line":78,"column":20},"end":{"line":96,"column":1}},"32":{"start":{"line":79,"column":13},"end":{"line":79,"column":31}},"33":{"start":{"line":80,"column":2},"end":{"line":95,"column":3}},"34":{"start":{"line":82,"column":4},"end":{"line":85,"column":5}},"35":{"start":{"line":83,"column":6},"end":{"line":83,"column":21}},"36":{"start":{"line":84,"column":6},"end":{"line":84,"column":42}},"37":{"start":{"line":86,"column":22},"end":{"line":86,"column":84}},"38":{"start":{"line":87,"column":4},"end":{"line":89,"column":5}},"39":{"start":{"line":88,"column":6},"end":{"line":88,"column":37}},"40":{"start":{"line":91,"column":4},"end":{"line":91,"column":33}},"41":{"start":{"line":94,"column":4},"end":{"line":94,"column":15}},"42":{"start":{"line":99,"column":27},"end":{"line":110,"column":1}},"43":{"start":{"line":100,"column":2},"end":{"line":109,"column":3}},"44":{"start":{"line":101,"column":19},"end":{"line":101,"column":79}},"45":{"start":{"line":102,"column":23},"end":{"line":102,"column":96}},"46":{"start":{"line":102,"column":39},"end":{"line":102,"column":57}},"47":{"start":{"line":102,"column":78},"end":{"line":102,"column":95}},"48":{"start":{"line":103,"column":4},"end":{"line":106,"column":7}},"49":{"start":{"line":108,"column":4},"end":{"line":108,"column":16}},"50":{"start":{"line":112,"column":18},"end":{"line":160,"column":1}},"51":{"start":{"line":113,"column":2},"end":{"line":159,"column":3}},"52":{"start":{"line":115,"column":26},"end":{"line":115,"column":69}},"53":{"start":{"line":126,"column":8},"end":{"line":126,"column":26}},"54":{"start":{"line":129,"column":4},"end":{"line":132,"column":5}},"55":{"start":{"line":130,"column":6},"end":{"line":130,"column":22}},"56":{"start":{"line":131,"column":6},"end":{"line":131,"column":43}},"57":{"start":{"line":134,"column":21},"end":{"line":146,"column":5}},"58":{"start":{"line":149,"column":4},"end":{"line":149,"column":57}},"59":{"start":{"line":150,"column":4},"end":{"line":150,"column":85}},"60":{"start":{"line":152,"column":4},"end":{"line":156,"column":7}},"61":{"start":{"line":158,"column":4},"end":{"line":158,"column":16}},"62":{"start":{"line":162,"column":20},"end":{"line":231,"column":1}},"63":{"start":{"line":163,"column":2},"end":{"line":230,"column":3}},"64":{"start":{"line":165,"column":26},"end":{"line":165,"column":89}},"65":{"start":{"line":166,"column":20},"end":{"line":166,"column":43}},"66":{"start":{"line":167,"column":19},"end":{"line":167,"column":37}},"67":{"start":{"line":170,"column":29},"end":{"line":173,"column":5}},"68":{"start":{"line":175,"column":4},"end":{"line":178,"column":5}},"69":{"start":{"line":176,"column":6},"end":{"line":176,"column":22}},"70":{"start":{"line":177,"column":6},"end":{"line":177,"column":41}},"71":{"start":{"line":181,"column":4},"end":{"line":184,"column":5}},"72":{"start":{"line":182,"column":6},"end":{"line":182,"column":22}},"73":{"start":{"line":183,"column":6},"end":{"line":183,"column":43}},"74":{"start":{"line":186,"column":28},"end":{"line":194,"column":5}},"75":{"start":{"line":196,"column":19},"end":{"line":196,"column":21}},"76":{"start":{"line":197,"column":19},"end":{"line":197,"column":21}},"77":{"start":{"line":199,"column":4},"end":{"line":204,"column":5}},"78":{"start":{"line":200,"column":6},"end":{"line":203,"column":7}},"79":{"start":{"line":201,"column":8},"end":{"line":201,"column":34}},"80":{"start":{"line":202,"column":8},"end":{"line":202,"column":33}},"81":{"start":{"line":206,"column":4},"end":{"line":209,"column":5}},"82":{"start":{"line":207,"column":6},"end":{"line":207,"column":22}},"83":{"start":{"line":208,"column":6},"end":{"line":208,"column":66}},"84":{"start":{"line":212,"column":4},"end":{"line":212,"column":25}},"85":{"start":{"line":214,"column":18},"end":{"line":214,"column":71}},"86":{"start":{"line":216,"column":21},"end":{"line":216,"column":50}},"87":{"start":{"line":219,"column":4},"end":{"line":219,"column":51}},"88":{"start":{"line":220,"column":4},"end":{"line":220,"column":57}},"89":{"start":{"line":221,"column":4},"end":{"line":221,"column":68}},"90":{"start":{"line":223,"column":4},"end":{"line":227,"column":7}},"91":{"start":{"line":229,"column":4},"end":{"line":229,"column":16}},"92":{"start":{"line":235,"column":20},"end":{"line":270,"column":1}},"93":{"start":{"line":236,"column":2},"end":{"line":269,"column":3}},"94":{"start":{"line":238,"column":26},"end":{"line":238,"column":70}},"95":{"start":{"line":239,"column":20},"end":{"line":239,"column":43}},"96":{"start":{"line":242,"column":20},"end":{"line":242,"column":82}},"97":{"start":{"line":244,"column":4},"end":{"line":247,"column":5}},"98":{"start":{"line":245,"column":6},"end":{"line":245,"column":22}},"99":{"start":{"line":246,"column":6},"end":{"line":246,"column":42}},"100":{"start":{"line":250,"column":4},"end":{"line":253,"column":5}},"101":{"start":{"line":251,"column":6},"end":{"line":251,"column":22}},"102":{"start":{"line":252,"column":6},"end":{"line":252,"column":43}},"103":{"start":{"line":255,"column":21},"end":{"line":255,"column":81}},"104":{"start":{"line":258,"column":4},"end":{"line":258,"column":51}},"105":{"start":{"line":259,"column":4},"end":{"line":259,"column":57}},"106":{"start":{"line":260,"column":4},"end":{"line":260,"column":68}},"107":{"start":{"line":262,"column":4},"end":{"line":266,"column":7}},"108":{"start":{"line":268,"column":4},"end":{"line":268,"column":16}},"109":{"start":{"line":272,"column":0},"end":{"line":280,"column":2}}},"fnMap":{"0":{"name":"(anonymous_0)","decl":{"start":{"line":7,"column":21},"end":{"line":7,"column":22}},"loc":{"start":{"line":7,"column":47},"end":{"line":52,"column":1}},"line":7},"1":{"name":"(anonymous_1)","decl":{"start":{"line":55,"column":17},"end":{"line":55,"column":18}},"loc":{"start":{"line":55,"column":43},"end":{"line":74,"column":1}},"line":55},"2":{"name":"(anonymous_2)","decl":{"start":{"line":78,"column":20},"end":{"line":78,"column":21}},"loc":{"start":{"line":78,"column":46},"end":{"line":96,"column":1}},"line":78},"3":{"name":"(anonymous_3)","decl":{"start":{"line":99,"column":27},"end":{"line":99,"column":28}},"loc":{"start":{"line":99,"column":53},"end":{"line":110,"column":1}},"line":99},"4":{"name":"(anonymous_4)","decl":{"start":{"line":102,"column":32},"end":{"line":102,"column":33}},"loc":{"start":{"line":102,"column":39},"end":{"line":102,"column":57}},"line":102},"5":{"name":"(anonymous_5)","decl":{"start":{"line":102,"column":66},"end":{"line":102,"column":67}},"loc":{"start":{"line":102,"column":78},"end":{"line":102,"column":95}},"line":102},"6":{"name":"(anonymous_6)","decl":{"start":{"line":112,"column":18},"end":{"line":112,"column":19}},"loc":{"start":{"line":112,"column":44},"end":{"line":160,"column":1}},"line":112},"7":{"name":"(anonymous_7)","decl":{"start":{"line":162,"column":20},"end":{"line":162,"column":21}},"loc":{"start":{"line":162,"column":46},"end":{"line":231,"column":1}},"line":162},"8":{"name":"(anonymous_8)","decl":{"start":{"line":235,"column":20},"end":{"line":235,"column":21}},"loc":{"start":{"line":235,"column":46},"end":{"line":270,"column":1}},"line":235}},"branchMap":{"0":{"loc":{"start":{"line":12,"column":22},"end":{"line":12,"column":52}},"type":"binary-expr","locations":[{"start":{"line":12,"column":22},"end":{"line":12,"column":47}},{"start":{"line":12,"column":51},"end":{"line":12,"column":52}}],"line":12},"1":{"loc":{"start":{"line":13,"column":22},"end":{"line":13,"column":51}},"type":"binary-expr","locations":[{"start":{"line":13,"column":22},"end":{"line":13,"column":46}},{"start":{"line":13,"column":50},"end":{"line":13,"column":51}}],"line":13},"2":{"loc":{"start":{"line":21,"column":4},"end":{"line":24,"column":5}},"type":"if","locations":[{"start":{"line":21,"column":4},"end":{"line":24,"column":5}},{"start":{},"end":{}}],"line":21},"3":{"loc":{"start":{"line":62,"column":4},"end":{"line":65,"column":5}},"type":"if","locations":[{"start":{"line":62,"column":4},"end":{"line":65,"column":5}},{"start":{},"end":{}}],"line":62},"4":{"loc":{"start":{"line":82,"column":4},"end":{"line":85,"column":5}},"type":"if","locations":[{"start":{"line":82,"column":4},"end":{"line":85,"column":5}},{"start":{},"end":{}}],"line":82},"5":{"loc":{"start":{"line":87,"column":4},"end":{"line":89,"column":5}},"type":"if","locations":[{"start":{"line":87,"column":4},"end":{"line":89,"column":5}},{"start":{},"end":{}}],"line":87},"6":{"loc":{"start":{"line":129,"column":4},"end":{"line":132,"column":5}},"type":"if","locations":[{"start":{"line":129,"column":4},"end":{"line":132,"column":5}},{"start":{},"end":{}}],"line":129},"7":{"loc":{"start":{"line":144,"column":8},"end":{"line":144,"column":25}},"type":"binary-expr","locations":[{"start":{"line":144,"column":8},"end":{"line":144,"column":17}},{"start":{"line":144,"column":21},"end":{"line":144,"column":25}}],"line":144},"8":{"loc":{"start":{"line":175,"column":4},"end":{"line":178,"column":5}},"type":"if","locations":[{"start":{"line":175,"column":4},"end":{"line":178,"column":5}},{"start":{},"end":{}}],"line":175},"9":{"loc":{"start":{"line":181,"column":4},"end":{"line":184,"column":5}},"type":"if","locations":[{"start":{"line":181,"column":4},"end":{"line":184,"column":5}},{"start":{},"end":{}}],"line":181},"10":{"loc":{"start":{"line":200,"column":6},"end":{"line":203,"column":7}},"type":"if","locations":[{"start":{"line":200,"column":6},"end":{"line":203,"column":7}},{"start":{},"end":{}}],"line":200},"11":{"loc":{"start":{"line":200,"column":10},"end":{"line":200,"column":68}},"type":"binary-expr","locations":[{"start":{"line":200,"column":10},"end":{"line":200,"column":39}},{"start":{"line":200,"column":43},"end":{"line":200,"column":68}}],"line":200},"12":{"loc":{"start":{"line":206,"column":4},"end":{"line":209,"column":5}},"type":"if","locations":[{"start":{"line":206,"column":4},"end":{"line":209,"column":5}},{"start":{},"end":{}}],"line":206},"13":{"loc":{"start":{"line":244,"column":4},"end":{"line":247,"column":5}},"type":"if","locations":[{"start":{"line":244,"column":4},"end":{"line":247,"column":5}},{"start":{},"end":{}}],"line":244},"14":{"loc":{"start":{"line":250,"column":4},"end":{"line":253,"column":5}},"type":"if","locations":[{"start":{"line":250,"column":4},"end":{"line":253,"column":5}},{"start":{},"end":{}}],"line":250}},"s":{"0":1,"1":1,"2":1,"3":1,"4":1,"5":1,"6":1,"7":1,"8":1,"9":1,"10":1,"11":1,"12":1,"13":0,"14":0,"15":1,"16":1,"17":1,"18":1,"19":1,"20":0,"21":1,"22":1,"23":1,"24":1,"25":1,"26":1,"27":1,"28":1,"29":0,"30":1,"31":1,"32":0,"33":0,"34":0,"35":0,"36":0,"37":0,"38":0,"39":0,"40":0,"41":0,"42":1,"43":0,"44":0,"45":0,"46":0,"47":0,"48":0,"49":0,"50":1,"51":0,"52":0,"53":0,"54":0,"55":0,"56":0,"57":0,"58":0,"59":0,"60":0,"61":0,"62":1,"63":0,"64":0,"65":0,"66":0,"67":0,"68":0,"69":0,"70":0,"71":0,"72":0,"73":0,"74":0,"75":0,"76":0,"77":0,"78":0,"79":0,"80":0,"81":0,"82":0,"83":0,"84":0,"85":0,"86":0,"87":0,"88":0,"89":0,"90":0,"91":0,"92":1,"93":0,"94":0,"95":0,"96":0,"97":0,"98":0,"99":0,"100":0,"101":0,"102":0,"103":0,"104":0,"105":0,"106":0,"107":0,"108":0,"109":1},"f":{"0":1,"1":1,"2":0,"3":0,"4":0,"5":0,"6":0,"7":0,"8":0},"b":{"0":[1,0],"1":[1,0],"2":[0,1],"3":[1,0],"4":[0,0],"5":[0,0],"6":[0,0],"7":[0,0],"8":[0,0],"9":[0,0],"10":[0,0],"11":[0,0],"12":[0,0],"13":[0,0],"14":[0,0]},"_coverageSchema":"1a1c01bbd47fc00a2c39e90264f33305004495a9","hash":"ad7443bdc7fadbbca8180b1b779b1769645cb7e9"}
,"/home/rodgers/Desktop/EventManagement/backend/controllers/RegistrationController.js": {"path":"/home/rodgers/Desktop/EventManagement/backend/controllers/RegistrationController.js","statementMap":{"0":{"start":{"line":1,"column":11},"end":{"line":1,"column":34}},"1":{"start":{"line":2,"column":21},"end":{"line":2,"column":56}},"2":{"start":{"line":3,"column":22},"end":{"line":3,"column":58}},"3":{"start":{"line":4,"column":24},"end":{"line":4,"column":62}},"4":{"start":{"line":5,"column":19},"end":{"line":5,"column":46}},"5":{"start":{"line":7,"column":32},"end":{"line":54,"column":1}},"6":{"start":{"line":8,"column":17},"end":{"line":8,"column":34}},"7":{"start":{"line":9,"column":21},"end":{"line":9,"column":30}},"8":{"start":{"line":11,"column":2},"end":{"line":53,"column":3}},"9":{"start":{"line":13,"column":4},"end":{"line":16,"column":5}},"10":{"start":{"line":14,"column":6},"end":{"line":14,"column":22}},"11":{"start":{"line":15,"column":6},"end":{"line":15,"column":43}},"12":{"start":{"line":18,"column":25},"end":{"line":21,"column":5}},"13":{"start":{"line":23,"column":4},"end":{"line":29,"column":5}},"14":{"start":{"line":24,"column":6},"end":{"line":28,"column":9}},"15":{"start":{"line":32,"column":14},"end":{"line":36,"column":40}},"16":{"start":{"line":38,"column":19},"end":{"line":38,"column":27}},"17":{"start":{"line":40,"column":4},"end":{"line":43,"column":5}},"18":{"start":{"line":41,"column":6},"end":{"line":41,"column":45}},"19":{"start":{"line":42,"column":6},"end":{"line":42,"column":26}},"20":{"start":{"line":45,"column":31},"end":{"line":45,"column":58}},"21":{"start":{"line":47,"column":4},"end":{"line":50,"column":7}},"22":{"start":{"line":52,"column":4},"end":{"line":52,"column":16}},"23":{"start":{"line":57,"column":27},"end":{"line":116,"column":1}},"24":{"start":{"line":58,"column":18},"end":{"line":58,"column":36}},"25":{"start":{"line":59,"column":21},"end":{"line":59,"column":30}},"26":{"start":{"line":61,"column":2},"end":{"line":115,"column":3}},"27":{"start":{"line":63,"column":29},"end":{"line":66,"column":5}},"28":{"start":{"line":68,"column":4},"end":{"line":71,"column":5}},"29":{"start":{"line":69,"column":6},"end":{"line":69,"column":22}},"30":{"start":{"line":70,"column":6},"end":{"line":70,"column":41}},"31":{"start":{"line":74,"column":4},"end":{"line":77,"column":5}},"32":{"start":{"line":75,"column":6},"end":{"line":75,"column":22}},"33":{"start":{"line":76,"column":6},"end":{"line":76,"column":43}},"34":{"start":{"line":80,"column":14},"end":{"line":85,"column":5}},"35":{"start":{"line":86,"column":19},"end":{"line":86,"column":28}},"36":{"start":{"line":89,"column":4},"end":{"line":96,"column":5}},"37":{"start":{"line":90,"column":6},"end":{"line":90,"column":45}},"38":{"start":{"line":91,"column":6},"end":{"line":91,"column":26}},"39":{"start":{"line":95,"column":6},"end":{"line":95,"column":93}},"40":{"start":{"line":99,"column":30},"end":{"line":99,"column":57}},"41":{"start":{"line":101,"column":4},"end":{"line":107,"column":5}},"42":{"start":{"line":102,"column":6},"end":{"line":106,"column":9}},"43":{"start":{"line":109,"column":4},"end":{"line":112,"column":7}},"44":{"start":{"line":114,"column":4},"end":{"line":114,"column":16}},"45":{"start":{"line":118,"column":25},"end":{"line":203,"column":1}},"46":{"start":{"line":119,"column":17},"end":{"line":119,"column":34}},"47":{"start":{"line":120,"column":18},"end":{"line":120,"column":36}},"48":{"start":{"line":122,"column":2},"end":{"line":202,"column":3}},"49":{"start":{"line":124,"column":4},"end":{"line":127,"column":5}},"50":{"start":{"line":125,"column":6},"end":{"line":125,"column":22}},"51":{"start":{"line":126,"column":6},"end":{"line":126,"column":43}},"52":{"start":{"line":129,"column":29},"end":{"line":132,"column":5}},"53":{"start":{"line":134,"column":4},"end":{"line":139,"column":5}},"54":{"start":{"line":135,"column":6},"end":{"line":138,"column":9}},"55":{"start":{"line":142,"column":24},"end":{"line":142,"column":86}},"56":{"start":{"line":143,"column":18},"end":{"line":143,"column":30}},"57":{"start":{"line":145,"column":4},"end":{"line":165,"column":5}},"58":{"start":{"line":147,"column":30},"end":{"line":150,"column":7}},"59":{"start":{"line":152,"column":6},"end":{"line":164,"column":7}},"60":{"start":{"line":154,"column":31},"end":{"line":154,"column":83}},"61":{"start":{"line":156,"column":8},"end":{"line":163,"column":9}},"62":{"start":{"line":157,"column":10},"end":{"line":162,"column":13}},"63":{"start":{"line":167,"column":23},"end":{"line":170,"column":5}},"64":{"start":{"line":173,"column":26},"end":{"line":173,"column":86}},"65":{"start":{"line":174,"column":27},"end":{"line":174,"column":89}},"66":{"start":{"line":176,"column":4},"end":{"line":192,"column":5}},"67":{"start":{"line":178,"column":27},"end":{"line":182,"column":7}},"68":{"start":{"line":185,"column":6},"end":{"line":191,"column":7}},"69":{"start":{"line":186,"column":8},"end":{"line":190,"column":10}},"70":{"start":{"line":194,"column":4},"end":{"line":199,"column":7}},"71":{"start":{"line":201,"column":4},"end":{"line":201,"column":16}},"72":{"start":{"line":205,"column":27},"end":{"line":244,"column":1}},"73":{"start":{"line":206,"column":17},"end":{"line":206,"column":34}},"74":{"start":{"line":207,"column":18},"end":{"line":207,"column":36}},"75":{"start":{"line":209,"column":2},"end":{"line":243,"column":3}},"76":{"start":{"line":211,"column":4},"end":{"line":214,"column":5}},"77":{"start":{"line":212,"column":6},"end":{"line":212,"column":22}},"78":{"start":{"line":213,"column":6},"end":{"line":213,"column":43}},"79":{"start":{"line":216,"column":31},"end":{"line":219,"column":5}},"80":{"start":{"line":221,"column":4},"end":{"line":224,"column":5}},"81":{"start":{"line":222,"column":6},"end":{"line":222,"column":22}},"82":{"start":{"line":223,"column":6},"end":{"line":223,"column":63}},"83":{"start":{"line":226,"column":28},"end":{"line":229,"column":5}},"84":{"start":{"line":232,"column":24},"end":{"line":232,"column":86}},"85":{"start":{"line":233,"column":4},"end":{"line":235,"column":5}},"86":{"start":{"line":234,"column":6},"end":{"line":234,"column":57}},"87":{"start":{"line":237,"column":4},"end":{"line":240,"column":7}},"88":{"start":{"line":242,"column":4},"end":{"line":242,"column":16}},"89":{"start":{"line":246,"column":0},"end":{"line":251,"column":2}}},"fnMap":{"0":{"name":"(anonymous_0)","decl":{"start":{"line":7,"column":32},"end":{"line":7,"column":33}},"loc":{"start":{"line":7,"column":58},"end":{"line":54,"column":1}},"line":7},"1":{"name":"(anonymous_1)","decl":{"start":{"line":57,"column":27},"end":{"line":57,"column":28}},"loc":{"start":{"line":57,"column":53},"end":{"line":116,"column":1}},"line":57},"2":{"name":"(anonymous_2)","decl":{"start":{"line":118,"column":25},"end":{"line":118,"column":26}},"loc":{"start":{"line":118,"column":51},"end":{"line":203,"column":1}},"line":118},"3":{"name":"(anonymous_3)","decl":{"start":{"line":205,"column":27},"end":{"line":205,"column":28}},"loc":{"start":{"line":205,"column":53},"end":{"line":244,"column":1}},"line":205}},"branchMap":{"0":{"loc":{"start":{"line":13,"column":4},"end":{"line":16,"column":5}},"type":"if","locations":[{"start":{"line":13,"column":4},"end":{"line":16,"column":5}},{"start":{},"end":{}}],"line":13},"1":{"loc":{"start":{"line":23,"column":4},"end":{"line":29,"column":5}},"type":"if","locations":[{"start":{"line":23,"column":4},"end":{"line":29,"column":5}},{"start":{},"end":{}}],"line":23},"2":{"loc":{"start":{"line":40,"column":4},"end":{"line":43,"column":5}},"type":"if","locations":[{"start":{"line":40,"column":4},"end":{"line":43,"column":5}},{"start":{},"end":{}}],"line":40},"3":{"loc":{"start":{"line":68,"column":4},"end":{"line":71,"column":5}},"type":"if","locations":[{"start":{"line":68,"column":4},"end":{"line":71,"column":5}},{"start":{},"end":{}}],"line":68},"4":{"loc":{"start":{"line":74,"column":4},"end":{"line":77,"column":5}},"type":"if","locations":[{"start":{"line":74,"column":4},"end":{"line":77,"column":5}},{"start":{},"end":{}}],"line":74},"5":{"loc":{"start":{"line":89,"column":4},"end":{"line":96,"column":5}},"type":"if","locations":[{"start":{"line":89,"column":4},"end":{"line":96,"column":5}},{"start":{"line":94,"column":9},"end":{"line":96,"column":5}}],"line":89},"6":{"loc":{"start":{"line":101,"column":4},"end":{"line":107,"column":5}},"type":"if","locations":[{"start":{"line":101,"column":4},"end":{"line":107,"column":5}},{"start":{},"end":{}}],"line":101},"7":{"loc":{"start":{"line":124,"column":4},"end":{"line":127,"column":5}},"type":"if","locations":[{"start":{"line":124,"column":4},"end":{"line":127,"column":5}},{"start":{},"end":{}}],"line":124},"8":{"loc":{"start":{"line":134,"column":4},"end":{"line":139,"column":5}},"type":"if","locations":[{"start":{"line":134,"column":4},"end":{"line":139,"column":5}},{"start":{},"end":{}}],"line":134},"9":{"loc":{"start":{"line":145,"column":4},"end":{"line":165,"column":5}},"type":"if","locations":[{"start":{"line":145,"column":4},"end":{"line":165,"column":5}},{"start":{},"end":{}}],"line":145},"10":{"loc":{"start":{"line":145,"column":8},"end":{"line":145,"column":44}},"type":"binary-expr","locations":[{"start":{"line":145,"column":8},"end":{"line":145,"column":22}},{"start":{"line":145,"column":26},"end":{"line":145,"column":44}}],"line":145},"11":{"loc":{"start":{"line":152,"column":6},"end":{"line":164,"column":7}},"type":"if","locations":[{"start":{"line":152,"column":6},"end":{"line":164,"column":7}},{"start":{},"end":{}}],"line":152},"12":{"loc":{"start":{"line":156,"column":8},"end":{"line":163,"column":9}},"type":"if","locations":[{"start":{"line":156,"column":8},"end":{"line":163,"column":9}},{"start":{},"end":{}}],"line":156},"13":{"loc":{"start":{"line":176,"column":4},"end":{"line":192,"column":5}},"type":"if","locations":[{"start":{"line":176,"column":4},"end":{"line":192,"column":5}},{"start":{},"end":{}}],"line":176},"14":{"loc":{"start":{"line":176,"column":8},"end":{"line":176,"column":57}},"type":"binary-expr","locations":[{"start":{"line":176,"column":8},"end":{"line":176,"column":30}},{"start":{"line":176,"column":34},"end":{"line":176,"column":57}}],"line":176},"15":{"loc":{"start":{"line":185,"column":6},"end":{"line":191,"column":7}},"type":"if","locations":[{"start":{"line":185,"column":6},"end":{"line":191,"column":7}},{"start":{},"end":{}}],"line":185},"16":{"loc":{"start":{"line":198,"column":14},"end":{"line":198,"column":60}},"type":"cond-expr","locations":[{"start":{"line":198,"column":29},"end":{"line":198,"column":53}},{"start":{"line":198,"column":56},"end":{"line":198,"column":60}}],"line":198},"17":{"loc":{"start":{"line":211,"column":4},"end":{"line":214,"column":5}},"type":"if","locations":[{"start":{"line":211,"column":4},"end":{"line":214,"column":5}},{"start":{},"end":{}}],"line":211},"18":{"loc":{"start":{"line":221,"column":4},"end":{"line":224,"column":5}},"type":"if","locations":[{"start":{"line":221,"column":4},"end":{"line":224,"column":5}},{"start":{},"end":{}}],"line":221},"19":{"loc":{"start":{"line":233,"column":4},"end":{"line":235,"column":5}},"type":"if","locations":[{"start":{"line":233,"column":4},"end":{"line":235,"column":5}},{"start":{},"end":{}}],"line":233},"20":{"loc":{"start":{"line":233,"column":8},"end":{"line":233,"column":53}},"type":"binary-expr","locations":[{"start":{"line":233,"column":8},"end":{"line":233,"column":28}},{"start":{"line":233,"column":32},"end":{"line":233,"column":53}}],"line":233}},"s":{"0":0,"1":0,"2":0,"3":0,"4":0,"5":0,"6":0,"7":0,"8":0,"9":0,"10":0,"11":0,"12":0,"13":0,"14":0,"15":0,"16":0,"17":0,"18":0,"19":0,"20":0,"21":0,"22":0,"23":0,"24":0,"25":0,"26":0,"27":0,"28":0,"29":0,"30":0,"31":0,"32":0,"33":0,"34":0,"35":0,"36":0,"37":0,"38":0,"39":0,"40":0,"41":0,"42":0,"43":0,"44":0,"45":0,"46":0,"47":0,"48":0,"49":0,"50":0,"51":0,"52":0,"53":0,"54":0,"55":0,"56":0,"57":0,"58":0,"59":0,"60":0,"61":0,"62":0,"63":0,"64":0,"65":0,"66":0,"67":0,"68":0,"69":0,"70":0,"71":0,"72":0,"73":0,"74":0,"75":0,"76":0,"77":0,"78":0,"79":0,"80":0,"81":0,"82":0,"83":0,"84":0,"85":0,"86":0,"87":0,"88":0,"89":0},"f":{"0":0,"1":0,"2":0,"3":0},"b":{"0":[0,0],"1":[0,0],"2":[0,0],"3":[0,0],"4":[0,0],"5":[0,0],"6":[0,0],"7":[0,0],"8":[0,0],"9":[0,0],"10":[0,0],"11":[0,0],"12":[0,0],"13":[0,0],"14":[0,0],"15":[0,0],"16":[0,0],"17":[0,0],"18":[0,0],"19":[0,0],"20":[0,0]}}
,"/home/rodgers/Desktop/EventManagement/backend/controllers/UserController.js": {"path":"/home/rodgers/Desktop/EventManagement/backend/controllers/UserController.js","statementMap":{"0":{"start":{"line":1,"column":11},"end":{"line":1,"column":34}},"1":{"start":{"line":2,"column":15},"end":{"line":2,"column":32}},"2":{"start":{"line":3,"column":12},"end":{"line":3,"column":35}},"3":{"start":{"line":4,"column":58},"end":{"line":4,"column":96}},"4":{"start":{"line":7,"column":21},"end":{"line":39,"column":1}},"5":{"start":{"line":8,"column":2},"end":{"line":38,"column":3}},"6":{"start":{"line":10,"column":26},"end":{"line":10,"column":66}},"7":{"start":{"line":11,"column":48},"end":{"line":11,"column":66}},"8":{"start":{"line":13,"column":27},"end":{"line":16,"column":5}},"9":{"start":{"line":18,"column":4},"end":{"line":21,"column":5}},"10":{"start":{"line":19,"column":6},"end":{"line":19,"column":22}},"11":{"start":{"line":20,"column":6},"end":{"line":20,"column":45}},"12":{"start":{"line":24,"column":27},"end":{"line":24,"column":58}},"13":{"start":{"line":26,"column":22},"end":{"line":29,"column":5}},"14":{"start":{"line":31,"column":4},"end":{"line":35,"column":7}},"15":{"start":{"line":37,"column":4},"end":{"line":37,"column":16}},"16":{"start":{"line":43,"column":18},"end":{"line":91,"column":1}},"17":{"start":{"line":44,"column":2},"end":{"line":90,"column":3}},"18":{"start":{"line":46,"column":26},"end":{"line":46,"column":63}},"19":{"start":{"line":47,"column":37},"end":{"line":47,"column":55}},"20":{"start":{"line":50,"column":27},"end":{"line":53,"column":5}},"21":{"start":{"line":55,"column":4},"end":{"line":58,"column":5}},"22":{"start":{"line":56,"column":6},"end":{"line":56,"column":22}},"23":{"start":{"line":57,"column":6},"end":{"line":57,"column":58}},"24":{"start":{"line":60,"column":17},"end":{"line":60,"column":32}},"25":{"start":{"line":63,"column":28},"end":{"line":63,"column":73}},"26":{"start":{"line":65,"column":4},"end":{"line":68,"column":5}},"27":{"start":{"line":66,"column":6},"end":{"line":66,"column":22}},"28":{"start":{"line":67,"column":6},"end":{"line":67,"column":48}},"29":{"start":{"line":70,"column":24},"end":{"line":77,"column":5}},"30":{"start":{"line":79,"column":18},"end":{"line":81,"column":6}},"31":{"start":{"line":83,"column":4},"end":{"line":87,"column":7}},"32":{"start":{"line":89,"column":4},"end":{"line":89,"column":16}},"33":{"start":{"line":93,"column":19},"end":{"line":145,"column":1}},"34":{"start":{"line":94,"column":2},"end":{"line":144,"column":3}},"35":{"start":{"line":96,"column":26},"end":{"line":96,"column":88}},"36":{"start":{"line":97,"column":15},"end":{"line":97,"column":38}},"37":{"start":{"line":98,"column":20},"end":{"line":98,"column":38}},"38":{"start":{"line":101,"column":4},"end":{"line":104,"column":5}},"39":{"start":{"line":102,"column":6},"end":{"line":102,"column":22}},"40":{"start":{"line":103,"column":6},"end":{"line":103,"column":43}},"41":{"start":{"line":106,"column":28},"end":{"line":106,"column":80}},"42":{"start":{"line":107,"column":19},"end":{"line":107,"column":21}},"43":{"start":{"line":108,"column":19},"end":{"line":108,"column":21}},"44":{"start":{"line":110,"column":4},"end":{"line":115,"column":5}},"45":{"start":{"line":111,"column":6},"end":{"line":114,"column":7}},"46":{"start":{"line":112,"column":8},"end":{"line":112,"column":34}},"47":{"start":{"line":113,"column":8},"end":{"line":113,"column":34}},"48":{"start":{"line":117,"column":4},"end":{"line":120,"column":5}},"49":{"start":{"line":118,"column":6},"end":{"line":118,"column":22}},"50":{"start":{"line":119,"column":6},"end":{"line":119,"column":66}},"51":{"start":{"line":122,"column":28},"end":{"line":122,"column":84}},"52":{"start":{"line":124,"column":4},"end":{"line":127,"column":5}},"53":{"start":{"line":125,"column":6},"end":{"line":125,"column":22}},"54":{"start":{"line":126,"column":6},"end":{"line":126,"column":40}},"55":{"start":{"line":129,"column":18},"end":{"line":129,"column":70}},"56":{"start":{"line":130,"column":4},"end":{"line":130,"column":20}},"57":{"start":{"line":132,"column":21},"end":{"line":132,"column":50}},"58":{"start":{"line":134,"column":26},"end":{"line":134,"column":82}},"59":{"start":{"line":136,"column":4},"end":{"line":141,"column":7}},"60":{"start":{"line":143,"column":4},"end":{"line":143,"column":16}},"61":{"start":{"line":148,"column":0},"end":{"line":148,"column":57}}},"fnMap":{"0":{"name":"(anonymous_0)","decl":{"start":{"line":7,"column":21},"end":{"line":7,"column":22}},"loc":{"start":{"line":7,"column":47},"end":{"line":39,"column":1}},"line":7},"1":{"name":"(anonymous_1)","decl":{"start":{"line":43,"column":18},"end":{"line":43,"column":19}},"loc":{"start":{"line":43,"column":44},"end":{"line":91,"column":1}},"line":43},"2":{"name":"(anonymous_2)","decl":{"start":{"line":93,"column":19},"end":{"line":93,"column":20}},"loc":{"start":{"line":93,"column":45},"end":{"line":145,"column":1}},"line":93}},"branchMap":{"0":{"loc":{"start":{"line":18,"column":4},"end":{"line":21,"column":5}},"type":"if","locations":[{"start":{"line":18,"column":4},"end":{"line":21,"column":5}},{"start":{},"end":{}}],"line":18},"1":{"loc":{"start":{"line":55,"column":4},"end":{"line":58,"column":5}},"type":"if","locations":[{"start":{"line":55,"column":4},"end":{"line":58,"column":5}},{"start":{},"end":{}}],"line":55},"2":{"loc":{"start":{"line":65,"column":4},"end":{"line":68,"column":5}},"type":"if","locations":[{"start":{"line":65,"column":4},"end":{"line":68,"column":5}},{"start":{},"end":{}}],"line":65},"3":{"loc":{"start":{"line":101,"column":4},"end":{"line":104,"column":5}},"type":"if","locations":[{"start":{"line":101,"column":4},"end":{"line":104,"column":5}},{"start":{},"end":{}}],"line":101},"4":{"loc":{"start":{"line":111,"column":6},"end":{"line":114,"column":7}},"type":"if","locations":[{"start":{"line":111,"column":6},"end":{"line":114,"column":7}},{"start":{},"end":{}}],"line":111},"5":{"loc":{"start":{"line":111,"column":10},"end":{"line":111,"column":69}},"type":"binary-expr","locations":[{"start":{"line":111,"column":10},"end":{"line":111,"column":39}},{"start":{"line":111,"column":43},"end":{"line":111,"column":69}}],"line":111},"6":{"loc":{"start":{"line":117,"column":4},"end":{"line":120,"column":5}},"type":"if","locations":[{"start":{"line":117,"column":4},"end":{"line":120,"column":5}},{"start":{},"end":{}}],"line":117},"7":{"loc":{"start":{"line":124,"column":4},"end":{"line":127,"column":5}},"type":"if","locations":[{"start":{"line":124,"column":4},"end":{"line":127,"column":5}},{"start":{},"end":{}}],"line":124}},"s":{"0":1,"1":1,"2":1,"3":1,"4":1,"5":3,"6":3,"7":3,"8":3,"9":3,"10":1,"11":1,"12":2,"13":2,"14":2,"15":1,"16":1,"17":9,"18":9,"19":9,"20":9,"21":9,"22":7,"23":7,"24":2,"25":2,"26":2,"27":0,"28":0,"29":2,"30":2,"31":2,"32":7,"33":1,"34":0,"35":0,"36":0,"37":0,"38":0,"39":0,"40":0,"41":0,"42":0,"43":0,"44":0,"45":0,"46":0,"47":0,"48":0,"49":0,"50":0,"51":0,"52":0,"53":0,"54":0,"55":0,"56":0,"57":0,"58":0,"59":0,"60":0,"61":1},"f":{"0":3,"1":9,"2":0},"b":{"0":[1,2],"1":[7,2],"2":[0,2],"3":[0,0],"4":[0,0],"5":[0,0],"6":[0,0],"7":[0,0]},"_coverageSchema":"1a1c01bbd47fc00a2c39e90264f33305004495a9","hash":"e8e18666c637f26dd9ce16f0c4ab2cffed344b04"}
,"/home/rodgers/Desktop/EventManagement/backend/controllers/paymentController.js": {"path":"/home/rodgers/Desktop/EventManagement/backend/controllers/paymentController.js","statementMap":{"0":{"start":{"line":1,"column":11},"end":{"line":1,"column":34}},"1":{"start":{"line":2,"column":26},"end":{"line":2,"column":67}},"2":{"start":{"line":4,"column":20},"end":{"line":45,"column":1}},"3":{"start":{"line":5,"column":2},"end":{"line":44,"column":3}},"4":{"start":{"line":7,"column":26},"end":{"line":7,"column":65}},"5":{"start":{"line":15,"column":8},"end":{"line":15,"column":26}},"6":{"start":{"line":18,"column":20},"end":{"line":18,"column":83}},"7":{"start":{"line":19,"column":4},"end":{"line":22,"column":5}},"8":{"start":{"line":20,"column":6},"end":{"line":20,"column":22}},"9":{"start":{"line":21,"column":6},"end":{"line":21,"column":41}},"10":{"start":{"line":24,"column":21},"end":{"line":35,"column":5}},"11":{"start":{"line":37,"column":4},"end":{"line":41,"column":7}},"12":{"start":{"line":43,"column":4},"end":{"line":43,"column":16}},"13":{"start":{"line":47,"column":0},"end":{"line":47,"column":29}}},"fnMap":{"0":{"name":"(anonymous_0)","decl":{"start":{"line":4,"column":20},"end":{"line":4,"column":21}},"loc":{"start":{"line":4,"column":46},"end":{"line":45,"column":1}},"line":4}},"branchMap":{"0":{"loc":{"start":{"line":19,"column":4},"end":{"line":22,"column":5}},"type":"if","locations":[{"start":{"line":19,"column":4},"end":{"line":22,"column":5}},{"start":{},"end":{}}],"line":19}},"s":{"0":0,"1":0,"2":0,"3":0,"4":0,"5":0,"6":0,"7":0,"8":0,"9":0,"10":0,"11":0,"12":0,"13":0},"f":{"0":0},"b":{"0":[0,0]}}
,"/home/rodgers/Desktop/EventManagement/backend/middleware/cache.js": {"path":"/home/rodgers/Desktop/EventManagement/backend/middleware/cache.js","statementMap":{"0":{"start":{"line":1,"column":21},"end":{"line":1,"column":47}},"1":{"start":{"line":2,"column":19},"end":{"line":2,"column":46}},"2":{"start":{"line":10,"column":14},"end":{"line":77,"column":1}},"3":{"start":{"line":11,"column":2},"end":{"line":76,"column":4}},"4":{"start":{"line":13,"column":4},"end":{"line":15,"column":5}},"5":{"start":{"line":14,"column":6},"end":{"line":14,"column":20}},"6":{"start":{"line":18,"column":4},"end":{"line":20,"column":5}},"7":{"start":{"line":19,"column":6},"end":{"line":19,"column":20}},"8":{"start":{"line":22,"column":4},"end":{"line":75,"column":5}},"9":{"start":{"line":25,"column":6},"end":{"line":30,"column":7}},"10":{"start":{"line":26,"column":8},"end":{"line":26,"column":37}},"11":{"start":{"line":29,"column":8},"end":{"line":29,"column":53}},"12":{"start":{"line":33,"column":25},"end":{"line":33,"column":57}},"13":{"start":{"line":35,"column":6},"end":{"line":47,"column":7}},"14":{"start":{"line":36,"column":8},"end":{"line":40,"column":11}},"15":{"start":{"line":43,"column":8},"end":{"line":43,"column":40}},"16":{"start":{"line":44,"column":8},"end":{"line":44,"column":47}},"17":{"start":{"line":46,"column":8},"end":{"line":46,"column":48}},"18":{"start":{"line":50,"column":27},"end":{"line":50,"column":45}},"19":{"start":{"line":52,"column":6},"end":{"line":69,"column":8}},"20":{"start":{"line":54,"column":8},"end":{"line":62,"column":9}},"21":{"start":{"line":55,"column":10},"end":{"line":61,"column":15}},"22":{"start":{"line":57,"column":14},"end":{"line":57,"column":65}},"23":{"start":{"line":60,"column":14},"end":{"line":60,"column":79}},"24":{"start":{"line":65,"column":8},"end":{"line":65,"column":41}},"25":{"start":{"line":66,"column":8},"end":{"line":66,"column":47}},"26":{"start":{"line":68,"column":8},"end":{"line":68,"column":34}},"27":{"start":{"line":71,"column":6},"end":{"line":71,"column":13}},"28":{"start":{"line":73,"column":6},"end":{"line":73,"column":71}},"29":{"start":{"line":74,"column":6},"end":{"line":74,"column":13}},"30":{"start":{"line":83,"column":24},"end":{"line":104,"column":1}},"31":{"start":{"line":84,"column":2},"end":{"line":103,"column":4}},"32":{"start":{"line":86,"column":25},"end":{"line":86,"column":43}},"33":{"start":{"line":88,"column":4},"end":{"line":100,"column":6}},"34":{"start":{"line":89,"column":6},"end":{"line":97,"column":7}},"35":{"start":{"line":90,"column":28},"end":{"line":90,"column":75}},"36":{"start":{"line":92,"column":8},"end":{"line":96,"column":11}},"37":{"start":{"line":93,"column":37},"end":{"line":93,"column":76}},"38":{"start":{"line":95,"column":10},"end":{"line":95,"column":77}},"39":{"start":{"line":99,"column":6},"end":{"line":99,"column":32}},"40":{"start":{"line":102,"column":4},"end":{"line":102,"column":11}},"41":{"start":{"line":106,"column":0},"end":{"line":109,"column":2}}},"fnMap":{"0":{"name":"(anonymous_0)","decl":{"start":{"line":10,"column":14},"end":{"line":10,"column":15}},"loc":{"start":{"line":10,"column":62},"end":{"line":77,"column":1}},"line":10},"1":{"name":"(anonymous_1)","decl":{"start":{"line":11,"column":9},"end":{"line":11,"column":10}},"loc":{"start":{"line":11,"column":35},"end":{"line":76,"column":3}},"line":11},"2":{"name":"(anonymous_2)","decl":{"start":{"line":52,"column":17},"end":{"line":52,"column":18}},"loc":{"start":{"line":52,"column":27},"end":{"line":69,"column":7}},"line":52},"3":{"name":"(anonymous_3)","decl":{"start":{"line":56,"column":18},"end":{"line":56,"column":19}},"loc":{"start":{"line":56,"column":24},"end":{"line":58,"column":13}},"line":56},"4":{"name":"(anonymous_4)","decl":{"start":{"line":59,"column":19},"end":{"line":59,"column":20}},"loc":{"start":{"line":59,"column":26},"end":{"line":61,"column":13}},"line":59},"5":{"name":"(anonymous_5)","decl":{"start":{"line":83,"column":24},"end":{"line":83,"column":25}},"loc":{"start":{"line":83,"column":38},"end":{"line":104,"column":1}},"line":83},"6":{"name":"(anonymous_6)","decl":{"start":{"line":84,"column":9},"end":{"line":84,"column":10}},"loc":{"start":{"line":84,"column":35},"end":{"line":103,"column":3}},"line":84},"7":{"name":"(anonymous_7)","decl":{"start":{"line":88,"column":15},"end":{"line":88,"column":16}},"loc":{"start":{"line":88,"column":25},"end":{"line":100,"column":5}},"line":88},"8":{"name":"(anonymous_8)","decl":{"start":{"line":93,"column":26},"end":{"line":93,"column":27}},"loc":{"start":{"line":93,"column":37},"end":{"line":93,"column":76}},"line":93},"9":{"name":"(anonymous_9)","decl":{"start":{"line":94,"column":16},"end":{"line":94,"column":17}},"loc":{"start":{"line":94,"column":23},"end":{"line":96,"column":9}},"line":94}},"branchMap":{"0":{"loc":{"start":{"line":10,"column":26},"end":{"line":10,"column":36}},"type":"default-arg","locations":[{"start":{"line":10,"column":32},"end":{"line":10,"column":36}}],"line":10},"1":{"loc":{"start":{"line":10,"column":38},"end":{"line":10,"column":57}},"type":"default-arg","locations":[{"start":{"line":10,"column":53},"end":{"line":10,"column":57}}],"line":10},"2":{"loc":{"start":{"line":13,"column":4},"end":{"line":15,"column":5}},"type":"if","locations":[{"start":{"line":13,"column":4},"end":{"line":15,"column":5}},{"start":{},"end":{}}],"line":13},"3":{"loc":{"start":{"line":18,"column":4},"end":{"line":20,"column":5}},"type":"if","locations":[{"start":{"line":18,"column":4},"end":{"line":20,"column":5}},{"start":{},"end":{}}],"line":18},"4":{"loc":{"start":{"line":25,"column":6},"end":{"line":30,"column":7}},"type":"if","locations":[{"start":{"line":25,"column":6},"end":{"line":30,"column":7}},{"start":{"line":27,"column":13},"end":{"line":30,"column":7}}],"line":25},"5":{"loc":{"start":{"line":35,"column":6},"end":{"line":47,"column":7}},"type":"if","locations":[{"start":{"line":35,"column":6},"end":{"line":47,"column":7}},{"start":{},"end":{}}],"line":35},"6":{"loc":{"start":{"line":54,"column":8},"end":{"line":62,"column":9}},"type":"if","locations":[{"start":{"line":54,"column":8},"end":{"line":62,"column":9}},{"start":{},"end":{}}],"line":54},"7":{"loc":{"start":{"line":89,"column":6},"end":{"line":97,"column":7}},"type":"if","locations":[{"start":{"line":89,"column":6},"end":{"line":97,"column":7}},{"start":{},"end":{}}],"line":89},"8":{"loc":{"start":{"line":89,"column":10},"end":{"line":89,"column":55}},"type":"binary-expr","locations":[{"start":{"line":89,"column":10},"end":{"line":89,"column":31}},{"start":{"line":89,"column":35},"end":{"line":89,"column":55}}],"line":89},"9":{"loc":{"start":{"line":90,"column":28},"end":{"line":90,"column":75}},"type":"cond-expr","locations":[{"start":{"line":90,"column":54},"end":{"line":90,"column":62}},{"start":{"line":90,"column":65},"end":{"line":90,"column":75}}],"line":90}},"s":{"0":0,"1":0,"2":0,"3":0,"4":0,"5":0,"6":0,"7":0,"8":0,"9":0,"10":0,"11":0,"12":0,"13":0,"14":0,"15":0,"16":0,"17":0,"18":0,"19":0,"20":0,"21":0,"22":0,"23":0,"24":0,"25":0,"26":0,"27":0,"28":0,"29":0,"30":0,"31":0,"32":0,"33":0,"34":0,"35":0,"36":0,"37":0,"38":0,"39":0,"40":0,"41":0},"f":{"0":0,"1":0,"2":0,"3":0,"4":0,"5":0,"6":0,"7":0,"8":0,"9":0},"b":{"0":[0],"1":[0],"2":[0,0],"3":[0,0],"4":[0,0],"5":[0,0],"6":[0,0],"7":[0,0],"8":[0,0],"9":[0,0]}}
,"/home/rodgers/Desktop/EventManagement/backend/middleware/errorHandler.js": {"path":"/home/rodgers/Desktop/EventManagement/backend/middleware/errorHandler.js","statementMap":{"0":{"start":{"line":1,"column":18},"end":{"line":1,"column":41}},"1":{"start":{"line":7,"column":21},"end":{"line":76,"column":1}},"2":{"start":{"line":8,"column":21},"end":{"line":8,"column":58}},"3":{"start":{"line":9,"column":23},"end":{"line":9,"column":60}},"4":{"start":{"line":12,"column":2},"end":{"line":19,"column":3}},"5":{"start":{"line":13,"column":4},"end":{"line":18,"column":7}},"6":{"start":{"line":21,"column":2},"end":{"line":75,"column":3}},"7":{"start":{"line":23,"column":6},"end":{"line":28,"column":9}},"8":{"start":{"line":29,"column":6},"end":{"line":29,"column":12}},"9":{"start":{"line":32,"column":6},"end":{"line":37,"column":9}},"10":{"start":{"line":38,"column":6},"end":{"line":38,"column":12}},"11":{"start":{"line":41,"column":6},"end":{"line":46,"column":9}},"12":{"start":{"line":47,"column":6},"end":{"line":47,"column":12}},"13":{"start":{"line":50,"column":6},"end":{"line":55,"column":9}},"14":{"start":{"line":56,"column":6},"end":{"line":56,"column":12}},"15":{"start":{"line":59,"column":6},"end":{"line":64,"column":9}},"16":{"start":{"line":65,"column":6},"end":{"line":65,"column":12}},"17":{"start":{"line":68,"column":6},"end":{"line":73,"column":9}},"18":{"start":{"line":74,"column":6},"end":{"line":74,"column":12}},"19":{"start":{"line":78,"column":0},"end":{"line":78,"column":30}}},"fnMap":{"0":{"name":"(anonymous_0)","decl":{"start":{"line":7,"column":21},"end":{"line":7,"column":22}},"loc":{"start":{"line":7,"column":52},"end":{"line":76,"column":1}},"line":7}},"branchMap":{"0":{"loc":{"start":{"line":8,"column":21},"end":{"line":8,"column":58}},"type":"cond-expr","locations":[{"start":{"line":8,"column":38},"end":{"line":8,"column":52}},{"start":{"line":8,"column":55},"end":{"line":8,"column":58}}],"line":8},"1":{"loc":{"start":{"line":12,"column":2},"end":{"line":19,"column":3}},"type":"if","locations":[{"start":{"line":12,"column":2},"end":{"line":19,"column":3}},{"start":{},"end":{}}],"line":12},"2":{"loc":{"start":{"line":21,"column":2},"end":{"line":75,"column":3}},"type":"switch","locations":[{"start":{"line":22,"column":4},"end":{"line":29,"column":12}},{"start":{"line":31,"column":4},"end":{"line":38,"column":12}},{"start":{"line":40,"column":4},"end":{"line":47,"column":12}},{"start":{"line":49,"column":4},"end":{"line":56,"column":12}},{"start":{"line":58,"column":4},"end":{"line":65,"column":12}},{"start":{"line":67,"column":4},"end":{"line":74,"column":12}}],"line":21},"3":{"loc":{"start":{"line":27,"column":12},"end":{"line":27,"column":57}},"type":"cond-expr","locations":[{"start":{"line":27,"column":27},"end":{"line":27,"column":29}},{"start":{"line":27,"column":32},"end":{"line":27,"column":57}}],"line":27},"4":{"loc":{"start":{"line":36,"column":12},"end":{"line":36,"column":57}},"type":"cond-expr","locations":[{"start":{"line":36,"column":27},"end":{"line":36,"column":29}},{"start":{"line":36,"column":32},"end":{"line":36,"column":57}}],"line":36},"5":{"loc":{"start":{"line":45,"column":12},"end":{"line":45,"column":57}},"type":"cond-expr","locations":[{"start":{"line":45,"column":27},"end":{"line":45,"column":29}},{"start":{"line":45,"column":32},"end":{"line":45,"column":57}}],"line":45},"6":{"loc":{"start":{"line":54,"column":12},"end":{"line":54,"column":57}},"type":"cond-expr","locations":[{"start":{"line":54,"column":27},"end":{"line":54,"column":29}},{"start":{"line":54,"column":32},"end":{"line":54,"column":57}}],"line":54},"7":{"loc":{"start":{"line":63,"column":12},"end":{"line":63,"column":57}},"type":"cond-expr","locations":[{"start":{"line":63,"column":27},"end":{"line":63,"column":29}},{"start":{"line":63,"column":32},"end":{"line":63,"column":57}}],"line":63},"8":{"loc":{"start":{"line":72,"column":12},"end":{"line":72,"column":57}},"type":"cond-expr","locations":[{"start":{"line":72,"column":27},"end":{"line":72,"column":29}},{"start":{"line":72,"column":32},"end":{"line":72,"column":57}}],"line":72}},"s":{"0":1,"1":1,"2":9,"3":9,"4":9,"5":9,"6":9,"7":8,"8":8,"9":0,"10":0,"11":0,"12":0,"13":1,"14":1,"15":0,"16":0,"17":0,"18":0,"19":1},"f":{"0":9},"b":{"0":[9,0],"1":[9,0],"2":[8,0,0,1,0,0],"3":[0,8],"4":[0,0],"5":[0,0],"6":[0,1],"7":[0,0],"8":[0,0]},"_coverageSchema":"1a1c01bbd47fc00a2c39e90264f33305004495a9","hash":"b9984a26be705a19dcda0e660f7e30b608f8f149"}
,"/home/rodgers/Desktop/EventManagement/backend/middleware/rateLimiter.js": {"path":"/home/rodgers/Desktop/EventManagement/backend/middleware/rateLimiter.js","statementMap":{"0":{"start":{"line":1,"column":18},"end":{"line":1,"column":47}},"1":{"start":{"line":4,"column":15},"end":{"line":4,"column":76}},"2":{"start":{"line":11,"column":23},"end":{"line":21,"column":2}},"3":{"start":{"line":11,"column":52},"end":{"line":11,"column":58}},"4":{"start":{"line":28,"column":20},"end":{"line":38,"column":2}},"5":{"start":{"line":28,"column":49},"end":{"line":28,"column":55}},"6":{"start":{"line":45,"column":23},"end":{"line":55,"column":2}},"7":{"start":{"line":45,"column":52},"end":{"line":45,"column":58}},"8":{"start":{"line":62,"column":21},"end":{"line":72,"column":2}},"9":{"start":{"line":62,"column":50},"end":{"line":62,"column":56}},"10":{"start":{"line":74,"column":0},"end":{"line":79,"column":2}}},"fnMap":{"0":{"name":"(anonymous_0)","decl":{"start":{"line":11,"column":32},"end":{"line":11,"column":33}},"loc":{"start":{"line":11,"column":52},"end":{"line":11,"column":58}},"line":11},"1":{"name":"(anonymous_1)","decl":{"start":{"line":28,"column":29},"end":{"line":28,"column":30}},"loc":{"start":{"line":28,"column":49},"end":{"line":28,"column":55}},"line":28},"2":{"name":"(anonymous_2)","decl":{"start":{"line":45,"column":32},"end":{"line":45,"column":33}},"loc":{"start":{"line":45,"column":52},"end":{"line":45,"column":58}},"line":45},"3":{"name":"(anonymous_3)","decl":{"start":{"line":62,"column":30},"end":{"line":62,"column":31}},"loc":{"start":{"line":62,"column":50},"end":{"line":62,"column":56}},"line":62}},"branchMap":{"0":{"loc":{"start":{"line":4,"column":15},"end":{"line":4,"column":76}},"type":"binary-expr","locations":[{"start":{"line":4,"column":15},"end":{"line":4,"column":46}},{"start":{"line":4,"column":50},"end":{"line":4,"column":76}}],"line":4},"1":{"loc":{"start":{"line":11,"column":23},"end":{"line":21,"column":2}},"type":"cond-expr","locations":[{"start":{"line":11,"column":32},"end":{"line":11,"column":58}},{"start":{"line":11,"column":61},"end":{"line":21,"column":2}}],"line":11},"2":{"loc":{"start":{"line":28,"column":20},"end":{"line":38,"column":2}},"type":"cond-expr","locations":[{"start":{"line":28,"column":29},"end":{"line":28,"column":55}},{"start":{"line":28,"column":58},"end":{"line":38,"column":2}}],"line":28},"3":{"loc":{"start":{"line":45,"column":23},"end":{"line":55,"column":2}},"type":"cond-expr","locations":[{"start":{"line":45,"column":32},"end":{"line":45,"column":58}},{"start":{"line":45,"column":61},"end":{"line":55,"column":2}}],"line":45},"4":{"loc":{"start":{"line":62,"column":21},"end":{"line":72,"column":2}},"type":"cond-expr","locations":[{"start":{"line":62,"column":30},"end":{"line":62,"column":56}},{"start":{"line":62,"column":59},"end":{"line":72,"column":2}}],"line":62}},"s":{"0":1,"1":1,"2":1,"3":33,"4":1,"5":15,"6":1,"7":0,"8":1,"9":7,"10":1},"f":{"0":33,"1":15,"2":0,"3":7},"b":{"0":[1,0],"1":[1,0],"2":[1,0],"3":[1,0],"4":[1,0]},"_coverageSchema":"1a1c01bbd47fc00a2c39e90264f33305004495a9","hash":"982a7ed21d046d6d596c260b10bd4b730456a2ae"}
,"/home/rodgers/Desktop/EventManagement/backend/middleware/validate.js": {"path":"/home/rodgers/Desktop/EventManagement/backend/middleware/validate.js","statementMap":{"0":{"start":{"line":1,"column":21},"end":{"line":1,"column":35}},"1":{"start":{"line":7,"column":17},"end":{"line":37,"column":1}},"2":{"start":{"line":7,"column":29},"end":{"line":37,"column":1}},"3":{"start":{"line":8,"column":2},"end":{"line":36,"column":3}},"4":{"start":{"line":10,"column":4},"end":{"line":14,"column":7}},"5":{"start":{"line":17,"column":4},"end":{"line":17,"column":11}},"6":{"start":{"line":19,"column":4},"end":{"line":34,"column":5}},"7":{"start":{"line":21,"column":21},"end":{"line":25,"column":15}},"8":{"start":{"line":21,"column":47},"end":{"line":25,"column":7}},"9":{"start":{"line":27,"column":6},"end":{"line":27,"column":48}},"10":{"start":{"line":29,"column":6},"end":{"line":33,"column":9}},"11":{"start":{"line":35,"column":4},"end":{"line":35,"column":16}},"12":{"start":{"line":39,"column":0},"end":{"line":39,"column":26}}},"fnMap":{"0":{"name":"(anonymous_0)","decl":{"start":{"line":7,"column":17},"end":{"line":7,"column":18}},"loc":{"start":{"line":7,"column":29},"end":{"line":37,"column":1}},"line":7},"1":{"name":"(anonymous_1)","decl":{"start":{"line":7,"column":29},"end":{"line":7,"column":30}},"loc":{"start":{"line":7,"column":49},"end":{"line":37,"column":1}},"line":7},"2":{"name":"(anonymous_2)","decl":{"start":{"line":21,"column":39},"end":{"line":21,"column":40}},"loc":{"start":{"line":21,"column":47},"end":{"line":25,"column":7}},"line":21}},"branchMap":{"0":{"loc":{"start":{"line":11,"column":12},"end":{"line":11,"column":26}},"type":"binary-expr","locations":[{"start":{"line":11,"column":12},"end":{"line":11,"column":20}},{"start":{"line":11,"column":24},"end":{"line":11,"column":26}}],"line":11},"1":{"loc":{"start":{"line":12,"column":14},"end":{"line":12,"column":30}},"type":"binary-expr","locations":[{"start":{"line":12,"column":14},"end":{"line":12,"column":24}},{"start":{"line":12,"column":28},"end":{"line":12,"column":30}}],"line":12},"2":{"loc":{"start":{"line":13,"column":13},"end":{"line":13,"column":28}},"type":"binary-expr","locations":[{"start":{"line":13,"column":13},"end":{"line":13,"column":22}},{"start":{"line":13,"column":26},"end":{"line":13,"column":28}}],"line":13},"3":{"loc":{"start":{"line":19,"column":4},"end":{"line":34,"column":5}},"type":"if","locations":[{"start":{"line":19,"column":4},"end":{"line":34,"column":5}},{"start":{},"end":{}}],"line":19},"4":{"loc":{"start":{"line":21,"column":21},"end":{"line":25,"column":15}},"type":"binary-expr","locations":[{"start":{"line":21,"column":21},"end":{"line":25,"column":9}},{"start":{"line":25,"column":13},"end":{"line":25,"column":15}}],"line":21},"5":{"loc":{"start":{"line":22,"column":15},"end":{"line":22,"column":44}},"type":"binary-expr","locations":[{"start":{"line":22,"column":15},"end":{"line":22,"column":34}},{"start":{"line":22,"column":38},"end":{"line":22,"column":44}}],"line":22}},"s":{"0":1,"1":1,"2":8,"3":28,"4":28,"5":14,"6":14,"7":14,"8":27,"9":14,"10":14,"11":0,"12":1},"f":{"0":8,"1":28,"2":27},"b":{"0":[28,0],"1":[28,0],"2":[28,0],"3":[14,0],"4":[14,0],"5":[27,0]},"_coverageSchema":"1a1c01bbd47fc00a2c39e90264f33305004495a9","hash":"8ea8f41762b9c7833fe44d2e89999d6a3d1bc9b7"}
,"/home/rodgers/Desktop/EventManagement/backend/middleware/validateToken.js": {"path":"/home/rodgers/Desktop/EventManagement/backend/middleware/validateToken.js","statementMap":{"0":{"start":{"line":1,"column":12},"end":{"line":1,"column":35}},"1":{"start":{"line":3,"column":22},"end":{"line":26,"column":1}},"2":{"start":{"line":4,"column":2},"end":{"line":25,"column":3}},"3":{"start":{"line":6,"column":25},"end":{"line":6,"column":79}},"4":{"start":{"line":8,"column":4},"end":{"line":22,"column":5}},"5":{"start":{"line":9,"column":6},"end":{"line":9,"column":41}},"6":{"start":{"line":12,"column":6},"end":{"line":19,"column":9}},"7":{"start":{"line":13,"column":8},"end":{"line":15,"column":9}},"8":{"start":{"line":14,"column":10},"end":{"line":14,"column":80}},"9":{"start":{"line":17,"column":8},"end":{"line":17,"column":39}},"10":{"start":{"line":18,"column":8},"end":{"line":18,"column":15}},"11":{"start":{"line":21,"column":6},"end":{"line":21,"column":64}},"12":{"start":{"line":24,"column":4},"end":{"line":24,"column":16}},"13":{"start":{"line":28,"column":0},"end":{"line":28,"column":31}}},"fnMap":{"0":{"name":"(anonymous_0)","decl":{"start":{"line":3,"column":22},"end":{"line":3,"column":23}},"loc":{"start":{"line":3,"column":48},"end":{"line":26,"column":1}},"line":3},"1":{"name":"(anonymous_1)","decl":{"start":{"line":12,"column":48},"end":{"line":12,"column":49}},"loc":{"start":{"line":12,"column":66},"end":{"line":19,"column":7}},"line":12}},"branchMap":{"0":{"loc":{"start":{"line":6,"column":25},"end":{"line":6,"column":79}},"type":"binary-expr","locations":[{"start":{"line":6,"column":25},"end":{"line":6,"column":50}},{"start":{"line":6,"column":54},"end":{"line":6,"column":79}}],"line":6},"1":{"loc":{"start":{"line":8,"column":4},"end":{"line":22,"column":5}},"type":"if","locations":[{"start":{"line":8,"column":4},"end":{"line":22,"column":5}},{"start":{"line":20,"column":11},"end":{"line":22,"column":5}}],"line":8},"2":{"loc":{"start":{"line":8,"column":8},"end":{"line":8,"column":57}},"type":"binary-expr","locations":[{"start":{"line":8,"column":8},"end":{"line":8,"column":20}},{"start":{"line":8,"column":24},"end":{"line":8,"column":57}}],"line":8},"3":{"loc":{"start":{"line":13,"column":8},"end":{"line":15,"column":9}},"type":"if","locations":[{"start":{"line":13,"column":8},"end":{"line":15,"column":9}},{"start":{},"end":{}}],"line":13}},"s":{"0":1,"1":1,"2":11,"3":11,"4":11,"5":9,"6":9,"7":9,"8":0,"9":9,"10":9,"11":2,"12":0,"13":1},"f":{"0":11,"1":9},"b":{"0":[11,11],"1":[9,2],"2":[11,9],"3":[0,9]},"_coverageSchema":"1a1c01bbd47fc00a2c39e90264f33305004495a9","hash":"e24dd24d75b2f927207f50e0ca710d7ea4b0fa23"}
,"/home/rodgers/Desktop/EventManagement/backend/routes/AnalyticsRoutes.js": {"path":"/home/rodgers/Desktop/EventManagement/backend/routes/AnalyticsRoutes.js","statementMap":{"0":{"start":{"line":11,"column":4},"end":{"line":11,"column":49}},"1":{"start":{"line":12,"column":22},"end":{"line":12,"column":60}},"2":{"start":{"line":13,"column":15},"end":{"line":13,"column":42}},"3":{"start":{"line":43,"column":0},"end":{"line":43,"column":75}},"4":{"start":{"line":66,"column":0},"end":{"line":66,"column":86}},"5":{"start":{"line":82,"column":0},"end":{"line":82,"column":71}},"6":{"start":{"line":112,"column":0},"end":{"line":112,"column":70}},"7":{"start":{"line":135,"column":0},"end":{"line":135,"column":79}},"8":{"start":{"line":165,"column":0},"end":{"line":165,"column":64}},"9":{"start":{"line":188,"column":0},"end":{"line":188,"column":61}},"10":{"start":{"line":211,"column":0},"end":{"line":211,"column":85}},"11":{"start":{"line":234,"column":0},"end":{"line":234,"column":74}},"12":{"start":{"line":236,"column":0},"end":{"line":236,"column":24}}},"fnMap":{},"branchMap":{},"s":{"0":0,"1":0,"2":0,"3":0,"4":0,"5":0,"6":0,"7":0,"8":0,"9":0,"10":0,"11":0,"12":0},"f":{},"b":{}}
,"/home/rodgers/Desktop/EventManagement/backend/routes/AuthRoutes.js": {"path":"/home/rodgers/Desktop/EventManagement/backend/routes/AuthRoutes.js","statementMap":{"0":{"start":{"line":1,"column":48},"end":{"line":1,"column":88}},"1":{"start":{"line":2,"column":22},"end":{"line":2,"column":60}},"2":{"start":{"line":3,"column":17},"end":{"line":3,"column":50}},"3":{"start":{"line":4,"column":24},"end":{"line":4,"column":60}},"4":{"start":{"line":5,"column":58},"end":{"line":5,"column":96}},"5":{"start":{"line":6,"column":15},"end":{"line":6,"column":42}},"6":{"start":{"line":11,"column":0},"end":{"line":11,"column":78}},"7":{"start":{"line":16,"column":0},"end":{"line":16,"column":69}},"8":{"start":{"line":21,"column":0},"end":{"line":21,"column":81}},"9":{"start":{"line":23,"column":0},"end":{"line":23,"column":24}}},"fnMap":{},"branchMap":{},"s":{"0":1,"1":1,"2":1,"3":1,"4":1,"5":1,"6":1,"7":1,"8":1,"9":1},"f":{},"b":{},"_coverageSchema":"1a1c01bbd47fc00a2c39e90264f33305004495a9","hash":"4ff3aa9eeb549fb4d598b3fd2ba3d71bd3d9cd9d"}
,"/home/rodgers/Desktop/EventManagement/backend/routes/EventRoutes.js": {"path":"/home/rodgers/Desktop/EventManagement/backend/routes/EventRoutes.js","statementMap":{"0":{"start":{"line":1,"column":105},"end":{"line":1,"column":146}},"1":{"start":{"line":2,"column":22},"end":{"line":2,"column":60}},"2":{"start":{"line":3,"column":17},"end":{"line":3,"column":50}},"3":{"start":{"line":4,"column":25},"end":{"line":4,"column":61}},"4":{"start":{"line":5,"column":83},"end":{"line":5,"column":122}},"5":{"start":{"line":6,"column":15},"end":{"line":6,"column":42}},"6":{"start":{"line":65,"column":0},"end":{"line":65,"column":58}},"7":{"start":{"line":88,"column":0},"end":{"line":88,"column":55}},"8":{"start":{"line":118,"column":0},"end":{"line":118,"column":55}},"9":{"start":{"line":146,"column":0},"end":{"line":146,"column":46}},"10":{"start":{"line":202,"column":0},"end":{"line":202,"column":86}},"11":{"start":{"line":259,"column":0},"end":{"line":259,"column":76}},"12":{"start":{"line":284,"column":0},"end":{"line":284,"column":76}},"13":{"start":{"line":286,"column":0},"end":{"line":286,"column":24}}},"fnMap":{},"branchMap":{},"s":{"0":1,"1":1,"2":1,"3":1,"4":1,"5":1,"6":1,"7":1,"8":1,"9":1,"10":1,"11":1,"12":1,"13":1},"f":{},"b":{},"_coverageSchema":"1a1c01bbd47fc00a2c39e90264f33305004495a9","hash":"b348c33ef5e876cc962dee2f20c14fd9ee2bcadc"}
,"/home/rodgers/Desktop/EventManagement/backend/routes/PaymentRoutes.js": {"path":"/home/rodgers/Desktop/EventManagement/backend/routes/PaymentRoutes.js","statementMap":{"0":{"start":{"line":1,"column":20},"end":{"line":1,"column":63}},"1":{"start":{"line":2,"column":22},"end":{"line":2,"column":60}},"2":{"start":{"line":3,"column":17},"end":{"line":3,"column":50}},"3":{"start":{"line":4,"column":27},"end":{"line":4,"column":63}},"4":{"start":{"line":5,"column":26},"end":{"line":5,"column":67}},"5":{"start":{"line":6,"column":15},"end":{"line":6,"column":42}},"6":{"start":{"line":11,"column":0},"end":{"line":11,"column":86}},"7":{"start":{"line":13,"column":0},"end":{"line":13,"column":24}}},"fnMap":{},"branchMap":{},"s":{"0":0,"1":0,"2":0,"3":0,"4":0,"5":0,"6":0,"7":0},"f":{},"b":{}}
,"/home/rodgers/Desktop/EventManagement/backend/routes/RegisterRoutes.js": {"path":"/home/rodgers/Desktop/EventManagement/backend/routes/RegisterRoutes.js","statementMap":{"0":{"start":{"line":1,"column":94},"end":{"line":1,"column":142}},"1":{"start":{"line":2,"column":22},"end":{"line":2,"column":60}},"2":{"start":{"line":3,"column":15},"end":{"line":3,"column":42}},"3":{"start":{"line":8,"column":0},"end":{"line":8,"column":73}},"4":{"start":{"line":13,"column":0},"end":{"line":13,"column":83}},"5":{"start":{"line":18,"column":0},"end":{"line":18,"column":80}},"6":{"start":{"line":23,"column":0},"end":{"line":23,"column":81}},"7":{"start":{"line":25,"column":0},"end":{"line":25,"column":24}}},"fnMap":{},"branchMap":{},"s":{"0":0,"1":0,"2":0,"3":0,"4":0,"5":0,"6":0,"7":0},"f":{},"b":{}}
,"/home/rodgers/Desktop/EventManagement/backend/services/analyticsService.js": {"path":"/home/rodgers/Desktop/EventManagement/backend/services/analyticsService.js","statementMap":{"0":{"start":{"line":1,"column":11},"end":{"line":1,"column":34}},"1":{"start":{"line":2,"column":19},"end":{"line":2,"column":46}},"2":{"start":{"line":9,"column":4},"end":{"line":99,"column":5}},"3":{"start":{"line":11,"column":23},"end":{"line":11,"column":85}},"4":{"start":{"line":13,"column":6},"end":{"line":15,"column":7}},"5":{"start":{"line":14,"column":8},"end":{"line":14,"column":62}},"6":{"start":{"line":17,"column":20},"end":{"line":17,"column":29}},"7":{"start":{"line":20,"column":34},"end":{"line":30,"column":7}},"8":{"start":{"line":33,"column":29},"end":{"line":44,"column":7}},"9":{"start":{"line":47,"column":24},"end":{"line":50,"column":7}},"10":{"start":{"line":53,"column":22},"end":{"line":62,"column":7}},"11":{"start":{"line":65,"column":30},"end":{"line":67,"column":14}},"12":{"start":{"line":69,"column":6},"end":{"line":95,"column":8}},"13":{"start":{"line":97,"column":6},"end":{"line":97,"column":78}},"14":{"start":{"line":98,"column":6},"end":{"line":98,"column":54}},"15":{"start":{"line":106,"column":4},"end":{"line":206,"column":5}},"16":{"start":{"line":108,"column":23},"end":{"line":111,"column":7}},"17":{"start":{"line":114,"column":24},"end":{"line":120,"column":7}},"18":{"start":{"line":123,"column":30},"end":{"line":129,"column":7}},"19":{"start":{"line":132,"column":25},"end":{"line":137,"column":7}},"20":{"start":{"line":140,"column":21},"end":{"line":145,"column":7}},"21":{"start":{"line":148,"column":31},"end":{"line":163,"column":7}},"22":{"start":{"line":166,"column":26},"end":{"line":181,"column":7}},"23":{"start":{"line":183,"column":6},"end":{"line":202,"column":8}},"24":{"start":{"line":204,"column":6},"end":{"line":204,"column":82}},"25":{"start":{"line":205,"column":6},"end":{"line":205,"column":54}},"26":{"start":{"line":213,"column":4},"end":{"line":271,"column":5}},"27":{"start":{"line":215,"column":22},"end":{"line":215,"column":81}},"28":{"start":{"line":218,"column":23},"end":{"line":218,"column":84}},"29":{"start":{"line":221,"column":24},"end":{"line":221,"column":91}},"30":{"start":{"line":224,"column":31},"end":{"line":226,"column":7}},"31":{"start":{"line":229,"column":29},"end":{"line":238,"column":7}},"32":{"start":{"line":241,"column":33},"end":{"line":247,"column":7}},"33":{"start":{"line":250,"column":31},"end":{"line":254,"column":7}},"34":{"start":{"line":256,"column":6},"end":{"line":267,"column":8}},"35":{"start":{"line":269,"column":6},"end":{"line":269,"column":81}},"36":{"start":{"line":270,"column":6},"end":{"line":270,"column":54}},"37":{"start":{"line":278,"column":4},"end":{"line":296,"column":5}},"38":{"start":{"line":279,"column":29},"end":{"line":287,"column":7}},"39":{"start":{"line":289,"column":6},"end":{"line":292,"column":8}},"40":{"start":{"line":294,"column":6},"end":{"line":294,"column":81}},"41":{"start":{"line":295,"column":6},"end":{"line":295,"column":54}},"42":{"start":{"line":301,"column":25},"end":{"line":301,"column":47}},"43":{"start":{"line":303,"column":0},"end":{"line":303,"column":34}}},"fnMap":{"0":{"name":"(anonymous_0)","decl":{"start":{"line":8,"column":2},"end":{"line":8,"column":3}},"loc":{"start":{"line":8,"column":35},"end":{"line":100,"column":3}},"line":8},"1":{"name":"(anonymous_1)","decl":{"start":{"line":105,"column":2},"end":{"line":105,"column":3}},"loc":{"start":{"line":105,"column":43},"end":{"line":207,"column":3}},"line":105},"2":{"name":"(anonymous_2)","decl":{"start":{"line":212,"column":2},"end":{"line":212,"column":3}},"loc":{"start":{"line":212,"column":31},"end":{"line":272,"column":3}},"line":212},"3":{"name":"(anonymous_3)","decl":{"start":{"line":277,"column":2},"end":{"line":277,"column":3}},"loc":{"start":{"line":277,"column":38},"end":{"line":297,"column":3}},"line":277}},"branchMap":{"0":{"loc":{"start":{"line":13,"column":6},"end":{"line":15,"column":7}},"type":"if","locations":[{"start":{"line":13,"column":6},"end":{"line":15,"column":7}},{"start":{},"end":{}}],"line":13},"1":{"loc":{"start":{"line":65,"column":30},"end":{"line":67,"column":14}},"type":"cond-expr","locations":[{"start":{"line":66,"column":10},"end":{"line":66,"column":78}},{"start":{"line":67,"column":10},"end":{"line":67,"column":14}}],"line":65},"2":{"loc":{"start":{"line":87,"c
[...]
:44,"column":3}},"line":25},"3":{"name":"(anonymous_3)","decl":{"start":{"line":37,"column":28},"end":{"line":37,"column":29}},"loc":{"start":{"line":37,"column":48},"end":{"line":43,"column":5}},"line":37},"4":{"name":"(anonymous_4)","decl":{"start":{"line":49,"column":2},"end":{"line":49,"column":3}},"loc":{"start":{"line":57,"column":5},"end":{"line":94,"column":3}},"line":57},"5":{"name":"(anonymous_5)","decl":{"start":{"line":99,"column":2},"end":{"line":99,"column":3}},"loc":{"start":{"line":99,"column":69},"end":{"line":108,"column":3}},"line":99},"6":{"name":"(anonymous_6)","decl":{"start":{"line":113,"column":2},"end":{"line":113,"column":3}},"loc":{"start":{"line":113,"column":54},"end":{"line":122,"column":3}},"line":113},"7":{"name":"(anonymous_7)","decl":{"start":{"line":127,"column":2},"end":{"line":127,"column":3}},"loc":{"start":{"line":127,"column":47},"end":{"line":136,"column":3}},"line":127},"8":{"name":"(anonymous_8)","decl":{"start":{"line":141,"column":2},"end":{"line":141,"column":3}},"loc":{"start":{"line":141,"column":61},"end":{"line":150,"column":3}},"line":141},"9":{"name":"(anonymous_9)","decl":{"start":{"line":155,"column":2},"end":{"line":155,"column":3}},"loc":{"start":{"line":155,"column":61},"end":{"line":164,"column":3}},"line":155},"10":{"name":"(anonymous_10)","decl":{"start":{"line":167,"column":2},"end":{"line":167,"column":3}},"loc":{"start":{"line":167,"column":49},"end":{"line":218,"column":3}},"line":167},"11":{"name":"(anonymous_11)","decl":{"start":{"line":220,"column":2},"end":{"line":220,"column":3}},"loc":{"start":{"line":220,"column":46},"end":{"line":239,"column":3}},"line":220},"12":{"name":"(anonymous_12)","decl":{"start":{"line":222,"column":11},"end":{"line":222,"column":12}},"loc":{"start":{"line":222,"column":29},"end":{"line":222,"column":73}},"line":222},"13":{"name":"(anonymous_13)","decl":{"start":{"line":241,"column":2},"end":{"line":241,"column":3}},"loc":{"start":{"line":241,"column":34},"end":{"line":260,"column":3}},"line":241},"14":{"name":"(anonymous_14)","decl":{"start":{"line":262,"column":2},"end":{"line":262,"column":3}},"loc":{"start":{"line":262,"column":53},"end":{"line":277,"column":3}},"line":262},"15":{"name":"(anonymous_15)","decl":{"start":{"line":279,"column":2},"end":{"line":279,"column":3}},"loc":{"start":{"line":279,"column":49},"end":{"line":299,"column":3}},"line":279}},"branchMap":{"0":{"loc":{"start":{"line":11,"column":4},"end":{"line":13,"column":5}},"type":"if","locations":[{"start":{"line":11,"column":4},"end":{"line":13,"column":5}},{"start":{},"end":{}}],"line":11},"1":{"loc":{"start":{"line":18,"column":6},"end":{"line":21,"column":28}},"type":"binary-expr","locations":[{"start":{"line":18,"column":6},"end":{"line":18,"column":28}},{"start":{"line":19,"column":6},"end":{"line":19,"column":28}},{"start":{"line":20,"column":6},"end":{"line":20,"column":28}},{"start":{"line":21,"column":6},"end":{"line":21,"column":28}}],"line":18},"2":{"loc":{"start":{"line":28,"column":12},"end":{"line":28,"column":51}},"type":"binary-expr","locations":[{"start":{"line":28,"column":12},"end":{"line":28,"column":44}},{"start":{"line":28,"column":48},"end":{"line":28,"column":51}}],"line":28},"3":{"loc":{"start":{"line":29,"column":14},"end":{"line":29,"column":58}},"type":"binary-expr","locations":[{"start":{"line":29,"column":14},"end":{"line":29,"column":49}},{"start":{"line":29,"column":53},"end":{"line":29,"column":58}}],"line":29},"4":{"loc":{"start":{"line":38,"column":6},"end":{"line":42,"column":7}},"type":"if","locations":[{"start":{"line":38,"column":6},"end":{"line":42,"column":7}},{"start":{"line":40,"column":13},"end":{"line":42,"column":7}}],"line":38},"5":{"loc":{"start":{"line":54,"column":4},"end":{"line":54,"column":20}},"type":"default-arg","locations":[{"start":{"line":54,"column":18},"end":{"line":54,"column":20}}],"line":54},"6":{"loc":{"start":{"line":55,"column":4},"end":{"line":55,"column":13}},"type":"default-arg","locations":[{"start":{"line":55,"column":9},"end":{"line":55,"column":13}}],"line":55},"7":{"loc":{"start":{"line":56,"column":4},"end":{"line":56,"column":14}},"type":"default-arg","locations":[{"start":{"line":56,"column":10},"end":{"line":56,"column":14}}],"line":56},"8":{"loc":{"start":{"line":58,"column":4},"end":{"line":61,"column":5}},"type":"if","locations":[{"start":{"line":58,"column":4},"end":{"line":61,"column":5}},{"start":{},"end":{}}],"line":58},"9":{"loc":{"start":{"line":65,"column":14},"end":{"line":65,"column":62}},"type":"binary-expr","locations":[{"start":{"line":65,"column":14},"end":{"line":65,"column":36}},{"start":{"line":65,"column":40},"end":{"line":65,"column":62}}],"line":65},"10":{"loc":{"start":{"line":73,"column":6},"end":{"line":73,"column":34}},"type":"if","locations":[{"start":{"line":73,"column":6},"end":{"line":73,"column":34}},{"start":{},"end":{}}],"line":73},"11":{"loc":{"start":{"line":74,"column":6},"end":{"line":74,"column":37}},"type":"if","locations":[{"start":{"line":74,"column":6},"end":{"line":74,"column":37}},{"start":{},"end":{}}],"line":74},"12":{"loc":{"start":{"line":201,"column":14},"end":{"line":205,"column":18}},"type":"cond-expr","locations":[{"start":{"line":201,"column":26},"end":{"line":205,"column":13}},{"start":{"line":205,"column":16},"end":{"line":205,"column":18}}],"line":201}},"s":{"0":0,"1":0,"2":0,"3":0,"4":0,"5":0,"6":0,"7":0,"8":0,"9":0,"10":0,"11":0,"12":0,"13":0,"14":0,"15":0,"16":0,"17":0,"18":0,"19":0,"20":0,"21":0,"22":0,"23":0,"24":0,"25":0,"26":0,"27":0,"28":0,"29":0,"30":0,"31":0,"32":0,"33":0,"34":0,"35":0,"36":0,"37":0,"38":0,"39":0,"40":0,"41":0,"42":0,"43":0,"44":0,"45":0,"46":0},"f":{"0":0,"1":0,"2":0,"3":0,"4":0,"5":0,"6":0,"7":0,"8":0,"9":0,"10":0,"11":0,"12":0,"13":0,"14":0,"15":0},"b":{"0":[0,0],"1":[0,0,0,0],"2":[0,0],"3":[0,0],"4":[0,0],"5":[0],"6":[0],"7":[0],"8":[0,0],"9":[0,0],"10":[0,0],"11":[0,0],"12":[0,0]}}
,"/home/rodgers/Desktop/EventManagement/backend/services/ticketService.js": {"path":"/home/rodgers/Desktop/EventManagement/backend/services/ticketService.js","statementMap":{"0":{"start":{"line":1,"column":15},"end":{"line":1,"column":32}},"1":{"start":{"line":2,"column":11},"end":{"line":2,"column":24}},"2":{"start":{"line":3,"column":13},"end":{"line":3,"column":28}},"3":{"start":{"line":4,"column":15},"end":{"line":4,"column":32}},"4":{"start":{"line":5,"column":19},"end":{"line":5,"column":46}},"5":{"start":{"line":9,"column":4},"end":{"line":9,"column":60}},"6":{"start":{"line":10,"column":4},"end":{"line":10,"column":34}},"7":{"start":{"line":14,"column":4},"end":{"line":17,"column":5}},"8":{"start":{"line":15,"column":6},"end":{"line":15,"column":57}},"9":{"start":{"line":16,"column":6},"end":{"line":16,"column":74}},"10":{"start":{"line":24,"column":17},"end":{"line":30,"column":5}},"11":{"start":{"line":32,"column":4},"end":{"line":35,"column":21}},"12":{"start":{"line":42,"column":4},"end":{"line":107,"column":5}},"13":{"start":{"line":43,"column":26},"end":{"line":47,"column":7}},"14":{"start":{"line":50,"column":25},"end":{"line":60,"column":7}},"15":{"start":{"line":63,"column":28},"end":{"line":74,"column":8}},"16":{"start":{"line":77,"column":23},"end":{"line":77,"column":94}},"17":{"start":{"line":78,"column":23},"end":{"line":78,"column":59}},"18":{"start":{"line":80,"column":6},"end":{"line":87,"column":9}},"19":{"start":{"line":89,"column":6},"end":{"line":92,"column":9}},"20":{"start":{"line":94,"column":6},"end":{"line":100,"column":8}},"21":{"start":{"line":102,"column":6},"end":{"line":102,"column":82}},"22":{"start":{"line":103,"column":6},"end":{"line":106,"column":8}},"23":{"start":{"line":114,"column":4},"end":{"line":145,"column":5}},"24":{"start":{"line":121,"column":28},"end":{"line":125,"column":7}},"25":{"start":{"line":127,"column":6},"end":{"line":132,"column":7}},"26":{"start":{"line":128,"column":8},"end":{"line":131,"column":10}},"27":{"start":{"line":134,"column":6},"end":{"line":137,"column":8}},"28":{"start":{"line":139,"column":6},"end":{"line":139,"column":72}},"29":{"start":{"line":140,"column":6},"end":{"line":144,"column":8}},"30":{"start":{"line":152,"column":4},"end":{"line":170,"column":5}},"31":{"start":{"line":158,"column":6},"end":{"line":158,"column":65}},"32":{"start":{"line":160,"column":6},"end":{"line":163,"column":8}},"33":{"start":{"line":165,"column":6},"end":{"line":165,"column":66}},"34":{"start":{"line":166,"column":6},"end":{"line":169,"column":8}},"35":{"start":{"line":177,"column":4},"end":{"line":295,"column":6}},"36":{"start":{"line":300,"column":22},"end":{"line":300,"column":41}},"37":{"start":{"line":302,"column":0},"end":{"line":302,"column":31}}},"fnMap":{"0":{"name":"(anonymous_0)","decl":{"start":{"line":8,"column":2},"end":{"line":8,"column":3}},"loc":{"start":{"line":8,"column":16},"end":{"line":11,"column":3}},"line":8},"1":{"name":"(anonymous_1)","decl":{"start":{"line":13,"column":2},"end":{"line":13,"column":3}},"loc":{"start":{"line":13,"column":27},"end":{"line":18,"column":3}},"line":13},"2":{"name":"(anonymous_2)","decl":{"start":{"line":23,"column":2},"end":{"line":23,"column":3}},"loc":{"start":{"line":23,"column":55},"end":{"line":36,"column":3}},"line":23},"3":{"name":"(anonymous_3)","decl":{"start":{"line":41,"column":2},"end":{"line":41,"column":3}},"loc":{"start":{"line":41,"column":68},"end":{"line":108,"column":3}},"line":41},"4":{"name":"(anonymous_4)","decl":{"start":{"line":113,"column":2},"end":{"line":113,"column":3}},"loc":{"start":{"line":113,"column":40},"end":{"line":146,"column":3}},"line":113},"5":{"name":"(anonymous_5)","decl":{"start":{"line":151,"column":2},"end":{"line":151,"column":3}},"loc":{"start":{"line":151,"column":44},"end":{"line":171,"column":3}},"line":151},"6":{"name":"(anonymous_6)","decl":{"start":{"line":176,"column":2},"end":{"line":176,"column":3}},"loc":{"start":{"line":176,"column":59},"end":{"line":296,"column":3}},"line":176}},"branchMap":{"0":{"loc":{"start":{"line":14,"column":4},"end":{"line":17,"column":5}},"type":"if","locations":[{"start":{"line":14,"column":4},"end":{"line":17,"column":5}},{"start":{},"end":{}}],"line":14},"1":{"loc":{"start":{"line":33,"column":28},"end":{"line":33,"column":69}},"type":"binary-expr","locations":[{"start":{"line":33,"column":28},"end":{"line":33,"column":50}},{"start":{"line":33,"column":54},"end":{"line":33,"column":69}}],"line":33},"2":{"loc":{"start":{"line":127,"column":6},"end":{"line":132,"column":7}},"type":"if","locations":[{"start":{"line":127,"column":6},"end":{"line":132,"column":7}},{"start":{},"end":{}}],"line":127}},"s":{"0":0,"1":0,"2":0,"3":0,"4":0,"5":0,"6":0,"7":0,"8":0,"9":0,"10":0,"11":0,"12":0,"13":0,"14":0,"15":0,"16":0,"17":0,"18":0,"19":0,"20":0,"21":0,"22":0,"23":0,"24":0,"25":0,"26":0,"27":0,"28":0,"29":0,"30":0,"31":0,"32":0,"33":0,"34":0,"35":0,"36":0,"37":0},"f":{"0":0,"1":0,"2":0,"3":0,"4":0,"5":0,"6":0},"b":{"0":[0,0],"1":[0,0],"2":[0,0]}}
,"/home/rodgers/Desktop/EventManagement/backend/services/waitlistService.js": {"path":"/home/rodgers/Desktop/EventManagement/backend/services/waitlistService.js","statementMap":{"0":{"start":{"line":1,"column":11},"end":{"line":1,"column":34}},"1":{"start":{"line":2,"column":21},"end":{"line":2,"column":46}},"2":{"start":{"line":3,"column":19},"end":{"line":3,"column":46}},"3":{"start":{"line":10,"column":4},"end":{"line":76,"column":5}},"4":{"start":{"line":12,"column":23},"end":{"line":15,"column":7}},"5":{"start":{"line":17,"column":6},"end":{"line":19,"column":7}},"6":{"start":{"line":18,"column":8},"end":{"line":18,"column":62}},"7":{"start":{"line":21,"column":20},"end":{"line":21,"column":29}},"8":{"start":{"line":24,"column":6},"end":{"line":29,"column":7}},"9":{"start":{"line":25,"column":8},"end":{"line":28,"column":10}},"10":{"start":{"line":32,"column":30},"end":{"line":35,"column":7}},"11":{"start":{"line":37,"column":27},"end":{"line":37,"column":49}},"12":{"start":{"line":39,"column":6},"end":{"line":44,"column":7}},"13":{"start":{"line":40,"column":8},"end":{"line":43,"column":10}},"14":{"start":{"line":47,"column":25},"end":{"line":50,"column":7}},"15":{"start":{"line":52,"column":6},"end":{"line":57,"column":7}},"16":{"start":{"line":53,"column":8},"end":{"line":56,"column":10}},"17":{"start":{"line":60,"column":23},"end":{"line":63,"column":7}},"18":{"start":{"line":65,"column":6},"end":{"line":65,"column":98}},"19":{"start":{"line":67,"column":6},"end":{"line":72,"column":8}},"20":{"start":{"line":74,"column":6},"end":{"line":74,"column":74}},"21":{"start":{"line":75,"column":6},"end":{"line":75,"column":54}},"22":{"start":{"line":83,"column":4},"end":{"line":97,"column":5}},"23":{"start":{"line":84,"column":30},"end":{"line":90,"column":7}},"24":{"start":{"line":92,"column":23},"end":{"line":92,"column":77}},"25":{"start":{"line":92,"column":52},"end":{"line":92,"column":72}},"26":{"start":{"line":93,"column":6},"end":{"line":93,"column":44}},"27":{"start":{"line":95,"column":6},"end":{"line":95,"column":80}},"28":{"start":{"line":96,"column":6},"end":{"line":96,"column":18}},"29":{"start":{"line":104,"column":4},"end":{"line":118,"column":5}},"30":{"start":{"line":105,"column":30},"end":{"line":112,"column":7}},"31":{"start":{"line":114,"column":6},"end":{"line":114,"column":27}},"32":{"start":{"line":116,"column":6},"end":{"line":116,"column":71}},"33":{"start":{"line":117,"column":6},"end":{"line":117,"column":16}},"34":{"start":{"line":125,"column":4},"end":{"line":171,"column":5}},"35":{"start":{"line":127,"column":30},"end":{"line":134,"column":7}},"36":{"start":{"line":136,"column":6},"end":{"line":138,"column":7}},"37":{"start":{"line":137,"column":8},"end":{"line":137,"column":69}},"38":{"start":{"line":140,"column":27},"end":{"line":140,"column":43}},"39":{"start":{"line":142,"column":6},"end":{"line":144,"column":7}},"40":{"start":{"line":143,"column":8},"end":{"line":143,"column":78}},"41":{"start":{"line":147,"column":6},"end":{"line":150,"column":8}},"42":{"start":{"line":153,"column":23},"end":{"line":153,"column":33}},"43":{"start":{"line":154,"column":6},"end":{"line":154,"column":47}},"44":{"start":{"line":156,"column":6},"end":{"line":160,"column":8}},"45":{"start":{"line":162,"column":6},"end":{"line":162,"column":69}},"46":{"start":{"line":164,"column":6},"end":{"line":167,"column":8}},"47":{"start":{"line":169,"column":6},"end":{"line":169,"column":80}},"48":{"start":{"line":170,"column":6},"end":{"line":170,"column":54}},"49":{"start":{"line":178,"column":4},"end":{"line":199,"column":5}},"50":{"start":{"line":180,"column":31},"end":{"line":187,"column":7}},"51":{"start":{"line":189,"column":6},"end":{"line":193,"column":7}},"52":{"start":{"line":190,"column":8},"end":{"line":190,"column":61}},"53":{"start":{"line":191,"column":8},"end":{"line":191,"column":74}},"54":{"start":{"line":192,"column":8},"end":{"line":192,"column":20}},"55":{"start":{"line":195,"column":6},"end":{"line":195,"column":19}},"56":{"start":{"line":197,"column":6},"end":{"line":197,"column":76}},"57":{"start":{"line":198,"column":6},"end":{"line":198,"column":19}},"58":{"start":{"line":206,"column":4},"end":{"line":218,"column":5}},"59":{"start":{"line":207,"column":6},"end":{"line":210,"column":8}},"60":{"start":{"line":212,"column":6},"end":{"line":212,"column":68}},"61":{"start":{"line":214,"column":6},"end":{"line":214,"column":65}},"62":{"start":{"line":216,"column":6},"end":{"line":216,"column":79}},"63":{"start":{"line":217,"column":6},"end":{"line":217,"column":54}},"64":{"start":{"line":225,"column":4},"end":{"line":240,"column":5}},"65":{"start":{"line":226,"column":22},"end":{"line":234,"column":7}},"66":{"start":{"line":236,"column":6},"end":{"line":236,"column":22}},"67":{"start":{"line":238,"column":6},"end":{"line":238,"column":77}},"68":{"start":{"line":239,"column":6},"end":{"line":239,"column":18}},"69":{"start":{"line":245,"column":24},"end":{"line":245,"column":45}},"70":{"start":{"line":247,"column":0},"end":{"line":247,"column":33}}},"fnMap":{"0":{"name":"(anonymous_0)","decl":{"start":{"line":9,"column":2},"end":{"line":9,"column":3}},"loc":{"start":{"line":9,"column":39},"end":{"line":77,"column":3}},"line":9},"1":{"name":"(anonymous_1)","decl":{"start":{"line":82,"column":2},"end":{"line":82,"column":3}},"loc":{"start":{"line":82,"column":45},"end":{"line":98,"column":3}},"line":82},"2":{"name":"(anonymous_2)","decl":{"start":{"line":92,"column":47},"end":{"line":92,"column":48}},"loc":{"start":{"line":92,"column":52},"end":{"line":92,"column":72}},"line":92},"3":{"name":"(anonymous_3)","decl":{"start":{"line":103,"column":2},"end":{"line":103,"column":3}},"loc":{"start":{"line":103,"column":29},"end":{"line":119,"column":3}},"line":103},"4":{"name":"(anonymous_4)","decl":{"start":{"line":124,"column":2},"end":{"line":124,"column":3}},"loc":{"start":{"line":124,"column":44},"end":{"line":172,"column":3}},"line":124},"5":{"name":"(anonymous_5)","decl":{"start":{"line":177,"column":2},"end":{"line":177,"column":3}},"loc":{"start":{"line":177,"column":37},"end":{"line":200,"column":3}},"line":177},"6":{"name":"(anonymous_6)","decl":{"start":{"line":205,"column":2},"end":{"line":205,"column":3}},"loc":{"start":{"line":205,"column":43},"end":{"line":219,"column":3}},"line":205},"7":{"name":"(anonymous_7)","decl":{"start":{"line":224,"column":2},"end":{"line":224,"column":3}},"loc":{"start":{"line":224,"column":34},"end":{"line":241,"column":3}},"line":224}},"branchMap":{"0":{"loc":{"start":{"line":17,"column":6},"end":{"line":19,"column":7}},"type":"if","locations":[{"start":{"line":17,"column":6},"end":{"line":19,"column":7}},{"start":{},"end":{}}],"line":17},"1":{"loc":{"start":{"line":24,"column":6},"end":{"line":29,"column":7}},"type":"if","locations":[{"start":{"line":24,"column":6},"end":{"line":29,"column":7}},{"start":{},"end":{}}],"line":24},"2":{"loc":{"start":{"line":24,"column":10},"end":{"line":24,"column":48}},"type":"binary-expr","locations":[{"start":{"line":24,"column":10},"end":{"line":24,"column":25}},{"start":{"line":24,"column":29},"end":{"line":24,"column":48}}],"line":24},"3":{"loc":{"start":{"line":39,"column":6},"end":{"line":44,"column":7}},"type":"if","locations":[{"start":{"line":39,"column":6},"end":{"line":44,"column":7}},{"start":{},"end":{}}],"line":39},"4":{"loc":{"start":{"line":52,"column":6},"end":{"line":57,"column":7}},"type":"if","locations":[{"start":{"line":52,"column":6},"end":{"line":57,"column":7}},{"start":{},"end":{}}],"line":52},"5":{"loc":{"start":{"line":93,"column":13},"end":{"line":93,"column":43}},"type":"cond-expr","locations":[{"start":{"line":93,"column":28},"end":{"line":93,"column":36}},{"start":{"line":93,"column":39},"end":{"line":93,"column":43}}],"line":93},"6":{"loc":{"start":{"line":136,"column":6},"end":{"line":138,"column":7}},"type":"if","locations":[{"start":{"line":136,"column":6},"end":{"line":138,"column":7}},{"start":{},"end":{}}],"line":136},"7":{"loc":{"start":{"line":142,"column":6},"end":{"line":144,"column":7}},"type":"if","locations":[{"start":{"line":142,"column":6},"end":{"line":144,"column":7}},{"start":{},"end":{}}],"line":142},"8":{"loc":{"start":{"line":189,"column":6},"end":{"line":193,"column":7}},"type":"if","locations":[{"start":{"line":189,"column":6},"end":{"line":193,"column":7}},{"start":{},"end":{}}],"line":189}},"s":{"0":0,"1":0,"2":0,"3":0,"4":0,"5":0,"6":0,"7":0,"8":0,"9":0,"10":0,"11":0,"12":0,"13":0,"14":0,"15":0,"16":0,"17":0,"18":0,"19":0,"20":0,"21":0,"22":0,"23":0,"24":0,"25":0,"26":0,"27":0,"28":0,"29":0,"30":0,"31":0,"32":0,"33":0,"34":0,"35":0,"36":0,"37":0,"38":0,"39":0,"40":0,"41":0,"42":0,"43":0,"44":0,"45":0,"46":0,"47":0,"48":0,"49":0,"50":0,"51":0,"52":0,"53":0,"54":0,"55":0,"56":0,"57":0,"58":0,"59":0,"60":0,"61":0,"62":0,"63":0,"64":0,"65":0,"66":0,"67":0,"68":0,"69":0,"70":0},"f":{"0":0,"1":0,"2":0,"3":0,"4":0,"5":0,"6":0,"7":0},"b":{"0":[0,0],"1":[0,0],"2":[0,0],"3":[0,0],"4":[0,0],"5":[0,0],"6":[0,0],"7":[0,0],"8":[0,0]}}
}
