TN:
SF:controllers/AnalyticsController.js
FN:12,(anonymous_0)
FN:33,(anonymous_1)
FN:54,(anonymous_2)
FN:73,(anonymous_3)
FN:128,(anonymous_4)
FN:181,(anonymous_5)
FN:203,(anonymous_6)
FN:237,(anonymous_7)
FN:258,(anonymous_8)
FNF:9
FNH:0
FNDA:0,(anonymous_0)
FNDA:0,(anonymous_1)
FNDA:0,(anonymous_2)
FNDA:0,(anonymous_3)
FNDA:0,(anonymous_4)
FNDA:0,(anonymous_5)
FNDA:0,(anonymous_6)
FNDA:0,(anonymous_7)
FNDA:0,(anonymous_8)
DA:1,0
DA:2,0
DA:3,0
DA:4,0
DA:5,0
DA:6,0
DA:12,0
DA:13,0
DA:14,0
DA:16,0
DA:18,0
DA:19,0
DA:20,0
DA:23,0
DA:25,0
DA:33,0
DA:34,0
DA:35,0
DA:38,0
DA:39,0
DA:40,0
DA:43,0
DA:44,0
DA:46,0
DA:54,0
DA:55,0
DA:57,0
DA:58,0
DA:59,0
DA:62,0
DA:63,0
DA:65,0
DA:73,0
DA:74,0
DA:75,0
DA:78,0
DA:88,0
DA:89,0
DA:90,0
DA:93,0
DA:96,0
DA:97,0
DA:98,0
DA:102,0
DA:108,0
DA:109,0
DA:110,0
DA:113,0
DA:120,0
DA:128,0
DA:129,0
DA:130,0
DA:133,0
DA:143,0
DA:144,0
DA:145,0
DA:148,0
DA:151,0
DA:157,0
DA:158,0
DA:159,0
DA:163,0
DA:169,0
DA:170,0
DA:171,0
DA:173,0
DA:181,0
DA:182,0
DA:183,0
DA:184,0
DA:186,0
DA:188,0
DA:189,0
DA:190,0
DA:193,0
DA:195,0
DA:203,0
DA:204,0
DA:205,0
DA:208,0
DA:210,0
DA:211,0
DA:212,0
DA:215,0
DA:216,0
DA:217,0
DA:220,0
DA:221,0
DA:223,0
DA:229,0
DA:237,0
DA:238,0
DA:239,0
DA:241,0
DA:243,0
DA:244,0
DA:245,0
DA:248,0
DA:250,0
DA:258,0
DA:259,0
DA:260,0
DA:263,0
DA:265,0
DA:266,0
DA:267,0
DA:270,0
DA:271,0
DA:272,0
DA:276,0
DA:284,0
DA:285,0
DA:287,0
DA:288,0
DA:293,0
DA:294,0
DA:296,0
DA:300,0
DA:307,0
DA:311,0
LF:120
LH:0
BRDA:18,0,0,0
BRDA:18,0,1,0
BRDA:38,1,0,0
BRDA:38,1,1,0
BRDA:57,2,0,0
BRDA:57,2,1,0
BRDA:88,3,0,0
BRDA:88,3,1,0
BRDA:96,4,0,0
BRDA:96,4,1,0
BRDA:108,5,0,0
BRDA:108,5,1,0
BRDA:143,6,0,0
BRDA:143,6,1,0
BRDA:157,7,0,0
BRDA:157,7,1,0
BRDA:188,8,0,0
BRDA:188,8,1,0
BRDA:210,9,0,0
BRDA:210,9,1,0
BRDA:215,10,0,0
BRDA:215,10,1,0
BRDA:243,11,0,0
BRDA:243,11,1,0
BRDA:265,12,0,0
BRDA:265,12,1,0
BRDA:270,13,0,0
BRDA:270,13,1,0
BRDA:293,14,0,0
BRDA:293,14,1,0
BRF:30
BRH:0
end_of_record
TN:
SF:controllers/EventController.js
FN:7,(anonymous_0)
FN:55,(anonymous_1)
FN:78,(anonymous_2)
FN:99,(anonymous_3)
FN:102,(anonymous_4)
FN:102,(anonymous_5)
FN:112,(anonymous_6)
FN:162,(anonymous_7)
FN:235,(anonymous_8)
FNF:9
FNH:2
FNDA:1,(anonymous_0)
FNDA:1,(anonymous_1)
FNDA:0,(anonymous_2)
FNDA:0,(anonymous_3)
FNDA:0,(anonymous_4)
FNDA:0,(anonymous_5)
FNDA:0,(anonymous_6)
FNDA:0,(anonymous_7)
FNDA:0,(anonymous_8)
DA:1,1
DA:2,1
DA:3,1
DA:4,1
DA:7,1
DA:8,1
DA:10,1
DA:12,1
DA:13,1
DA:14,1
DA:17,1
DA:20,1
DA:21,1
DA:22,0
DA:23,0
DA:27,1
DA:32,1
DA:34,1
DA:46,1
DA:48,1
DA:50,0
DA:55,1
DA:56,1
DA:57,1
DA:58,1
DA:60,1
DA:62,1
DA:63,1
DA:64,1
DA:67,0
DA:72,1
DA:78,1
DA:79,0
DA:80,0
DA:82,0
DA:83,0
DA:84,0
DA:86,0
DA:87,0
DA:88,0
DA:91,0
DA:94,0
DA:99,1
DA:100,0
DA:101,0
DA:102,0
DA:103,0
DA:108,0
DA:112,1
DA:113,0
DA:115,0
DA:126,0
DA:129,0
DA:130,0
DA:131,0
DA:134,0
DA:149,0
DA:150,0
DA:152,0
DA:158,0
DA:162,1
DA:163,0
DA:165,0
DA:166,0
DA:167,0
DA:170,0
DA:175,0
DA:176,0
DA:177,0
DA:181,0
DA:182,0
DA:183,0
DA:186,0
DA:196,0
DA:197,0
DA:199,0
DA:200,0
DA:201,0
DA:202,0
DA:206,0
DA:207,0
DA:208,0
DA:212,0
DA:214,0
DA:216,0
DA:219,0
DA:220,0
DA:221,0
DA:223,0
DA:229,0
DA:235,1
DA:236,0
DA:238,0
DA:239,0
DA:242,0
DA:244,0
DA:245,0
DA:246,0
DA:250,0
DA:251,0
DA:252,0
DA:255,0
DA:258,0
DA:259,0
DA:260,0
DA:262,0
DA:268,0
DA:272,1
LF:108
LH:33
BRDA:12,0,0,1
BRDA:12,0,1,0
BRDA:13,1,0,1
BRDA:13,1,1,0
BRDA:21,2,0,0
BRDA:21,2,1,1
BRDA:62,3,0,1
BRDA:62,3,1,0
BRDA:82,4,0,0
BRDA:82,4,1,0
BRDA:87,5,0,0
BRDA:87,5,1,0
BRDA:129,6,0,0
BRDA:129,6,1,0
BRDA:144,7,0,0
BRDA:144,7,1,0
BRDA:175,8,0,0
BRDA:175,8,1,0
BRDA:181,9,0,0
BRDA:181,9,1,0
BRDA:200,10,0,0
BRDA:200,10,1,0
BRDA:200,11,0,0
BRDA:200,11,1,0
BRDA:206,12,0,0
BRDA:206,12,1,0
BRDA:244,13,0,0
BRDA:244,13,1,0
BRDA:250,14,0,0
BRDA:250,14,1,0
BRF:30
BRH:4
end_of_record
TN:
SF:controllers/RegistrationController.js
FN:7,(anonymous_0)
FN:57,(anonymous_1)
FN:118,(anonymous_2)
FN:205,(anonymous_3)
FNF:4
FNH:0
FNDA:0,(anonymous_0)
FNDA:0,(anonymous_1)
FNDA:0,(anonymous_2)
FNDA:0,(anonymous_3)
DA:1,0
DA:2,0
DA:3,0
DA:4,0
DA:5,0
DA:7,0
DA:8,0
DA:9,0
DA:11,0
DA:13,0
DA:14,0
DA:15,0
DA:18,0
DA:23,0
DA:24,0
DA:32,0
DA:38,0
DA:40,0
DA:41,0
DA:42,0
DA:45,0
DA:47,0
DA:52,0
DA:57,0
DA:58,0
DA:59,0
DA:61,0
DA:63,0
DA:68,0
DA:69,0
DA:70,0
DA:74,0
DA:75,0
DA:76,0
DA:80,0
DA:86,0
DA:89,0
DA:90,0
DA:91,0
DA:95,0
DA:99,0
DA:101,0
DA:102,0
DA:109,0
DA:114,0
DA:118,0
DA:119,0
DA:120,0
DA:122,0
DA:124,0
DA:125,0
DA:126,0
DA:129,0
DA:134,0
DA:135,0
DA:142,0
DA:143,0
DA:145,0
DA:147,0
DA:152,0
DA:154,0
DA:156,0
DA:157,0
DA:167,0
DA:173,0
DA:174,0
DA:176,0
DA:178,0
DA:185,0
DA:186,0
DA:194,0
DA:201,0
DA:205,0
DA:206,0
DA:207,0
DA:209,0
DA:211,0
DA:212,0
DA:213,0
DA:216,0
DA:221,0
DA:222,0
DA:223,0
DA:226,0
DA:232,0
DA:233,0
DA:234,0
DA:237,0
DA:242,0
DA:246,0
LF:90
LH:0
BRDA:13,0,0,0
BRDA:13,0,1,0
BRDA:23,1,0,0
BRDA:23,1,1,0
BRDA:40,2,0,0
BRDA:40,2,1,0
BRDA:68,3,0,0
BRDA:68,3,1,0
BRDA:74,4,0,0
BRDA:74,4,1,0
BRDA:89,5,0,0
BRDA:89,5,1,0
BRDA:101,6,0,0
BRDA:101,6,1,0
BRDA:124,7,0,0
BRDA:124,7,1,0
BRDA:134,8,0,0
BRDA:134,8,1,0
BRDA:145,9,0,0
BRDA:145,9,1,0
BRDA:145,10,0,0
BRDA:145,10,1,0
BRDA:152,11,0,0
BRDA:152,11,1,0
BRDA:156,12,0,0
BRDA:156,12,1,0
BRDA:176,13,0,0
BRDA:176,13,1,0
BRDA:176,14,0,0
BRDA:176,14,1,0
BRDA:185,15,0,0
BRDA:185,15,1,0
BRDA:198,16,0,0
BRDA:198,16,1,0
BRDA:211,17,0,0
BRDA:211,17,1,0
BRDA:221,18,0,0
BRDA:221,18,1,0
BRDA:233,19,0,0
BRDA:233,19,1,0
BRDA:233,20,0,0
BRDA:233,20,1,0
BRF:42
BRH:0
end_of_record
TN:
SF:controllers/UserController.js
FN:7,(anonymous_0)
FN:43,(anonymous_1)
FN:93,(anonymous_2)
FNF:3
FNH:2
FNDA:3,(anonymous_0)
FNDA:9,(anonymous_1)
FNDA:0,(anonymous_2)
DA:1,1
DA:2,1
DA:3,1
DA:4,1
DA:7,1
DA:8,3
DA:10,3
DA:11,3
DA:13,3
DA:18,3
DA:19,1
DA:20,1
DA:24,2
DA:26,2
DA:31,2
DA:37,1
DA:43,1
DA:44,9
DA:46,9
DA:47,9
DA:50,9
DA:55,9
DA:56,7
DA:57,7
DA:60,2
DA:63,2
DA:65,2
DA:66,0
DA:67,0
DA:70,2
DA:79,2
DA:83,2
DA:89,7
DA:93,1
DA:94,0
DA:96,0
DA:97,0
DA:98,0
DA:101,0
DA:102,0
DA:103,0
DA:106,0
DA:107,0
DA:108,0
DA:110,0
DA:111,0
DA:112,0
DA:113,0
DA:117,0
DA:118,0
DA:119,0
DA:122,0
DA:124,0
DA:125,0
DA:126,0
DA:129,0
DA:130,0
DA:132,0
DA:134,0
DA:136,0
DA:143,0
DA:148,1
LF:62
LH:33
BRDA:18,0,0,1
BRDA:18,0,1,2
BRDA:55,1,0,7
BRDA:55,1,1,2
BRDA:65,2,0,0
BRDA:65,2,1,2
BRDA:101,3,0,0
BRDA:101,3,1,0
BRDA:111,4,0,0
BRDA:111,4,1,0
BRDA:111,5,0,0
BRDA:111,5,1,0
BRDA:117,6,0,0
BRDA:117,6,1,0
BRDA:124,7,0,0
BRDA:124,7,1,0
BRF:16
BRH:5
end_of_record
TN:
SF:controllers/paymentController.js
FN:4,(anonymous_0)
FNF:1
FNH:0
FNDA:0,(anonymous_0)
DA:1,0
DA:2,0
DA:4,0
DA:5,0
DA:7,0
DA:15,0
DA:18,0
DA:19,0
DA:20,0
DA:21,0
DA:24,0
DA:37,0
DA:43,0
DA:47,0
LF:14
LH:0
BRDA:19,0,0,0
BRDA:19,0,1,0
BRF:2
BRH:0
end_of_record
TN:
SF:middleware/cache.js
FN:10,(anonymous_0)
FN:11,(anonymous_1)
FN:52,(anonymous_2)
FN:56,(anonymous_3)
FN:59,(anonymous_4)
FN:83,(anonymous_5)
FN:84,(anonymous_6)
FN:88,(anonymous_7)
FN:93,(anonymous_8)
FN:94,(anonymous_9)
FNF:10
FNH:0
FNDA:0,(anonymous_0)
FNDA:0,(anonymous_1)
FNDA:0,(anonymous_2)
FNDA:0,(anonymous_3)
FNDA:0,(anonymous_4)
FNDA:0,(anonymous_5)
FNDA:0,(anonymous_6)
FNDA:0,(anonymous_7)
FNDA:0,(anonymous_8)
FNDA:0,(anonymous_9)
DA:1,0
DA:2,0
DA:10,0
DA:11,0
DA:13,0
DA:14,0
DA:18,0
DA:19,0
DA:22,0
DA:25,0
DA:26,0
DA:29,0
DA:33,0
DA:35,0
DA:36,0
DA:43,0
DA:44,0
DA:46,0
DA:50,0
DA:52,0
DA:54,0
DA:55,0
DA:57,0
DA:60,0
DA:65,0
DA:66,0
DA:68,0
DA:71,0
DA:73,0
DA:74,0
DA:83,0
DA:84,0
DA:86,0
DA:88,0
DA:89,0
DA:90,0
DA:92,0
DA:93,0
DA:95,0
DA:99,0
DA:102,0
DA:106,0
LF:42
LH:0
BRDA:10,0,0,0
BRDA:10,1,0,0
BRDA:13,2,0,0
BRDA:13,2,1,0
BRDA:18,3,0,0
BRDA:18,3,1,0
BRDA:25,4,0,0
BRDA:25,4,1,0
BRDA:35,5,0,0
BRDA:35,5,1,0
BRDA:54,6,0,0
BRDA:54,6,1,0
BRDA:89,7,0,0
BRDA:89,7,1,0
BRDA:89,8,0,0
BRDA:89,8,1,0
BRDA:90,9,0,0
BRDA:90,9,1,0
BRF:18
BRH:0
end_of_record
TN:
SF:middleware/errorHandler.js
FN:7,(anonymous_0)
FNF:1
FNH:1
FNDA:9,(anonymous_0)
DA:1,1
DA:7,1
DA:8,9
DA:9,9
DA:12,9
DA:13,9
DA:21,9
DA:23,8
DA:29,8
DA:32,0
DA:38,0
DA:41,0
DA:47,0
DA:50,1
DA:56,1
DA:59,0
DA:65,0
DA:68,0
DA:74,0
DA:78,1
LF:20
LH:12
BRDA:8,0,0,9
BRDA:8,0,1,0
BRDA:12,1,0,9
BRDA:12,1,1,0
BRDA:21,2,0,8
BRDA:21,2,1,0
BRDA:21,2,2,0
BRDA:21,2,3,1
BRDA:21,2,4,0
BRDA:21,2,5,0
BRDA:27,3,0,0
BRDA:27,3,1,8
BRDA:36,4,0,0
BRDA:36,4,1,0
BRDA:45,5,0,0
BRDA:45,5,1,0
BRDA:54,6,0,0
BRDA:54,6,1,1
BRDA:63,7,0,0
BRDA:63,7,1,0
BRDA:72,8,0,0
BRDA:72,8,1,0
BRF:22
BRH:6
end_of_record
TN:
SF:middleware/rateLimiter.js
FN:11,(anonymous_0)
FN:28,(anonymous_1)
FN:45,(anonymous_2)
FN:62,(anonymous_3)
FNF:4
FNH:3
FNDA:33,(anonymous_0)
FNDA:15,(anonymous_1)
FNDA:0,(anonymous_2)
FNDA:7,(anonymous_3)
DA:1,1
DA:4,1
DA:11,33
DA:28,15
DA:45,1
DA:62,7
DA:74,1
LF:7
LH:7
BRDA:4,0,0,1
BRDA:4,0,1,0
BRDA:11,1,0,1
BRDA:11,1,1,0
BRDA:28,2,0,1
BRDA:28,2,1,0
BRDA:45,3,0,1
BRDA:45,3,1,0
BRDA:62,4,0,1
BRDA:62,4,1,0
BRF:10
BRH:5
end_of_record
TN:
SF:middleware/validate.js
FN:7,(anonymous_0)
FN:7,(anonymous_1)
FN:21,(anonymous_2)
FNF:3
FNH:3
FNDA:8,(anonymous_0)
FNDA:28,(anonymous_1)
FNDA:27,(anonymous_2)
DA:1,1
DA:7,8
DA:8,28
DA:10,28
DA:17,14
DA:19,14
DA:21,27
DA:27,14
DA:29,14
DA:35,0
DA:39,1
LF:11
LH:10
BRDA:11,0,0,28
BRDA:11,0,1,0
BRDA:12,1,0,28
BRDA:12,1,1,0
BRDA:13,2,0,28
BRDA:13,2,1,0
BRDA:19,3,0,14
BRDA:19,3,1,0
BRDA:21,4,0,14
BRDA:21,4,1,0
BRDA:22,5,0,27
BRDA:22,5,1,0
BRF:12
BRH:6
end_of_record
TN:
SF:middleware/validateToken.js
FN:3,(anonymous_0)
FN:12,(anonymous_1)
FNF:2
FNH:2
FNDA:11,(anonymous_0)
FNDA:9,(anonymous_1)
DA:1,1
DA:3,1
DA:4,11
DA:6,11
DA:8,11
DA:9,9
DA:12,9
DA:13,9
DA:14,0
DA:17,9
DA:18,9
DA:21,2
DA:24,0
DA:28,1
LF:14
LH:12
BRDA:6,0,0,11
BRDA:6,0,1,11
BRDA:8,1,0,9
BRDA:8,1,1,2
BRDA:8,2,0,11
BRDA:8,2,1,9
BRDA:13,3,0,0
BRDA:13,3,1,9
BRF:8
BRH:7
end_of_record
TN:
SF:routes/AnalyticsRoutes.js
FNF:0
FNH:0
DA:11,0
DA:12,0
DA:13,0
DA:43,0
DA:66,0
DA:82,0
DA:112,0
DA:135,0
DA:165,0
DA:188,0
DA:211,0
DA:234,0
DA:236,0
LF:13
LH:0
BRF:0
BRH:0
end_of_record
TN:
SF:routes/AuthRoutes.js
FNF:0
FNH:0
DA:1,1
DA:2,1
DA:3,1
DA:4,1
DA:5,1
DA:6,1
DA:11,1
DA:16,1
DA:21,1
DA:23,1
LF:10
LH:10
BRF:0
BRH:0
end_of_record
TN:
SF:routes/EventRoutes.js
FNF:0
FNH:0
DA:1,1
DA:2,1
DA:3,1
DA:4,1
DA:5,1
DA:6,1
DA:65,1
DA:88,1
DA:118,1
DA:146,1
DA:202,1
DA:259,1
DA:284,1
DA:286,1
LF:14
LH:14
BRF:0
BRH:0
end_of_record
TN:
SF:routes/PaymentRoutes.js
FNF:0
FNH:0
DA:1,0
DA:2,0
DA:3,0
DA:4,0
DA:5,0
DA:6,0
DA:11,0
DA:13,0
LF:8
LH:0
BRF:0
BRH:0
end_of_record
TN:
SF:routes/RegisterRoutes.js
FNF:0
FNH:0
DA:1,0
DA:2,0
DA:3,0
DA:8,0
DA:13,0
DA:18,0
DA:23,0
DA:25,0
LF:8
LH:0
BRF:0
BRH:0
end_of_record
TN:
SF:services/analyticsService.js
FN:8,(anonymous_0)
FN:105,(anonymous_1)
FN:212,(anonymous_2)
FN:277,(anonymous_3)
FNF:4
FNH:0
FNDA:0,(anonymous_0)
FNDA:0,(anonymous_1)
FNDA:0,(anonymous_2)
FNDA:0,(anonymous_3)
DA:1,0
DA:2,0
DA:9,0
DA:11,0
DA:13,0
DA:14,0
DA:17,0
DA:20,0
DA:33,0
DA:47,0
DA:53,0
DA:65,0
DA:69,0
DA:97,0
DA:98,0
DA:106,0
DA:108,0
DA:114,0
DA:123,0
DA:132,0
DA:140,0
DA:148,0
DA:166,0
DA:183,0
DA:204,0
DA:205,0
DA:213,0
DA:215,0
DA:218,0
DA:221,0
DA:224,0
DA:229,0
DA:241,0
DA:250,0
DA:256,0
DA:269,0
DA:270,0
DA:278,0
DA:279,0
DA:289,0
DA:294,0
DA:295,0
DA:301,0
DA:303,0
LF:44
LH:0
BRDA:13,0,0,0
BRDA:13,0,1,0
BRDA:65,1,0,0
BRDA:65,1,1,0
BRDA:87,2,0,0
BRDA:87,2,1,0
BRDA:90,3,0,0
BRDA:90,3,1,0
BRDA:191,4,0,0
BRDA:191,4,1,0
BRDA:194,5,0,0
BRDA:194,5,1,0
BRDA:195,6,0,0
BRDA:195,6,1,0
BRDA:196,7,0,0
BRDA:196,7,1,0
BRDA:261,8,0,0
BRDA:261,8,1,0
BRF:18
BRH:0
end_of_record
TN:
SF:services/emailService.js
FN:7,(anonymous_0)
FN:16,(anonymous_1)
FN:25,(anonymous_2)
FN:37,(anonymous_3)
FN:49,(anonymous_4)
FN:99,(anonymous_5)
FN:113,(anonymous_6)
FN:127,(anonymous_7)
FN:141,(anonymous_8)
FN:155,(anonymous_9)
FN:167,(anonymous_10)
FN:220,(anonymous_11)
FN:222,(anonymous_12)
FN:241,(anonymous_13)
FN:262,(anonymous_14)
FN:279,(anonymous_15)
FNF:16
FNH:0
FNDA:0,(anonymous_0)
FNDA:0,(anonymous_1)
FNDA:0,(anonymous_2)
FNDA:0,(anonymous_3)
FNDA:0,(anonymous_4)
FNDA:0,(anonymous_5)
FNDA:0,(anonymous_6)
FNDA:0,(anonymous_7)
FNDA:0,(anonymous_8)
FNDA:0,(anonymous_9)
FNDA:0,(anonymous_10)
FNDA:0,(anonymous_11)
FNDA:0,(anonymous_12)
FNDA:0,(anonymous_13)
FNDA:0,(anonymous_14)
FNDA:0,(anonymous_15)
DA:1,0
DA:2,0
DA:3,0
DA:4,0
DA:8,0
DA:9,0
DA:11,0
DA:12,0
DA:17,0
DA:26,0
DA:37,0
DA:38,0
DA:39,0
DA:41,0
DA:58,0
DA:59,0
DA:60,0
DA:63,0
DA:64,0
DA:73,0
DA:74,0
DA:76,0
DA:78,0
DA:84,0
DA:86,0
DA:92,0
DA:100,0
DA:102,0
DA:114,0
DA:116,0
DA:128,0
DA:130,0
DA:142,0
DA:144,0
DA:156,0
DA:158,0
DA:168,0
DA:221,0
DA:222,0
DA:225,0
DA:242,0
DA:263,0
DA:280,0
DA:303,0
DA:305,0
LF:45
LH:0
BRDA:11,0,0,0
BRDA:11,0,1,0
BRDA:18,1,0,0
BRDA:18,1,1,0
BRDA:18,1,2,0
BRDA:18,1,3,0
BRDA:28,2,0,0
BRDA:28,2,1,0
BRDA:29,3,0,0
BRDA:29,3,1,0
BRDA:38,4,0,0
BRDA:38,4,1,0
BRDA:54,5,0,0
BRDA:55,6,0,0
BRDA:56,7,0,0
BRDA:58,8,0,0
BRDA:58,8,1,0
BRDA:65,9,0,0
BRDA:65,9,1,0
BRDA:73,10,0,0
BRDA:73,10,1,0
BRDA:74,11,0,0
BRDA:74,11,1,0
BRDA:201,12,0,0
BRDA:201,12,1,0
BRF:25
BRH:0
end_of_record
TN:
SF:services/ticketService.js
FN:8,(anonymous_0)
FN:13,(anonymous_1)
FN:23,(anonymous_2)
FN:41,(anonymous_3)
FN:113,(anonymous_4)
FN:151,(anonymous_5)
FN:176,(anonymous_6)
FNF:7
FNH:0
FNDA:0,(anonymous_0)
FNDA:0,(anonymous_1)
FNDA:0,(anonymous_2)
FNDA:0,(anonymous_3)
FNDA:0,(anonymous_4)
FNDA:0,(anonymous_5)
FNDA:0,(anonymous_6)
DA:1,0
DA:2,0
DA:3,0
DA:4,0
DA:5,0
DA:9,0
DA:10,0
DA:14,0
DA:15,0
DA:16,0
DA:24,0
DA:32,0
DA:42,0
DA:43,0
DA:50,0
DA:63,0
DA:77,0
DA:78,0
DA:80,0
DA:89,0
DA:94,0
DA:102,0
DA:103,0
DA:114,0
DA:121,0
DA:127,0
DA:128,0
DA:134,0
DA:139,0
DA:140,0
DA:152,0
DA:158,0
DA:160,0
DA:165,0
DA:166,0
DA:177,0
DA:300,0
DA:302,0
LF:38
LH:0
BRDA:14,0,0,0
BRDA:14,0,1,0
BRDA:33,1,0,0
BRDA:33,1,1,0
BRDA:127,2,0,0
BRDA:127,2,1,0
BRF:6
BRH:0
end_of_record
TN:
SF:services/waitlistService.js
FN:9,(anonymous_0)
FN:82,(anonymous_1)
FN:92,(anonymous_2)
FN:103,(anonymous_3)
FN:124,(anonymous_4)
FN:177,(anonymous_5)
FN:205,(anonymous_6)
FN:224,(anonymous_7)
FNF:8
FNH:0
FNDA:0,(anonymous_0)
FNDA:0,(anonymous_1)
FNDA:0,(anonymous_2)
FNDA:0,(anonymous_3)
FNDA:0,(anonymous_4)
FNDA:0,(anonymous_5)
FNDA:0,(anonymous_6)
FNDA:0,(anonymous_7)
DA:1,0
DA:2,0
DA:3,0
DA:10,0
DA:12,0
DA:17,0
DA:18,0
DA:21,0
DA:24,0
DA:25,0
DA:32,0
DA:37,0
DA:39,0
DA:40,0
DA:47,0
DA:52,0
DA:53,0
DA:60,0
DA:65,0
DA:67,0
DA:74,0
DA:75,0
DA:83,0
DA:84,0
DA:92,0
DA:93,0
DA:95,0
DA:96,0
DA:104,0
DA:105,0
DA:114,0
DA:116,0
DA:117,0
DA:125,0
DA:127,0
DA:136,0
DA:137,0
DA:140,0
DA:142,0
DA:143,0
DA:147,0
DA:153,0
DA:154,0
DA:156,0
DA:162,0
DA:164,0
DA:169,0
DA:170,0
DA:178,0
DA:180,0
DA:189,0
DA:190,0
DA:191,0
DA:192,0
DA:195,0
DA:197,0
DA:198,0
DA:206,0
DA:207,0
DA:212,0
DA:214,0
DA:216,0
DA:217,0
DA:225,0
DA:226,0
DA:236,0
DA:238,0
DA:239,0
DA:245,0
DA:247,0
LF:70
LH:0
BRDA:17,0,0,0
BRDA:17,0,1,0
BRDA:24,1,0,0
BRDA:24,1,1,0
BRDA:24,2,0,0
BRDA:24,2,1,0
BRDA:39,3,0,0
BRDA:39,3,1,0
BRDA:52,4,0,0
BRDA:52,4,1,0
BRDA:93,5,0,0
BRDA:93,5,1,0
BRDA:136,6,0,0
BRDA:136,6,1,0
BRDA:142,7,0,0
BRDA:142,7,1,0
BRDA:189,8,0,0
BRDA:189,8,1,0
BRF:18
BRH:0
end_of_record
